{"numFailedTestSuites":0,"numFailedTests":0,"numPassedTestSuites":8,"numPassedTests":152,"numPendingTestSuites":0,"numPendingTests":0,"numRuntimeErrorTestSuites":0,"numTodoTests":0,"numTotalTestSuites":8,"numTotalTests":152,"openHandles":[],"snapshot":{"added":0,"didUpdate":false,"failure":false,"filesAdded":0,"filesRemoved":0,"filesRemovedList":[],"filesUnmatched":0,"filesUpdated":0,"matched":0,"total":0,"unchecked":0,"uncheckedKeysByFile":[],"unmatched":0,"updated":0},"startTime":1756553761532,"success":true,"testResults":[{"assertionResults":[{"ancestorTitles":["BarChart Component","Basic component structure"],"duration":1,"failureDetails":[],"failureMessages":[],"fullName":"BarChart Component Basic component structure should be defined as a React component","invocations":1,"location":null,"numPassingAsserts":2,"retryReasons":[],"status":"passed","title":"should be defined as a React component"},{"ancestorTitles":["BarChart Component","Basic component structure"],"duration":0,"failureDetails":[],"failureMessages":[],"fullName":"BarChart Component Basic component structure should return a React element or null","invocations":1,"location":null,"numPassingAsserts":1,"retryReasons":[],"status":"passed","title":"should return a React element or null"},{"ancestorTitles":["BarChart Component","Basic component structure"],"duration":0,"failureDetails":[],"failureMessages":[],"fullName":"BarChart Component Basic component structure should accept required data prop","invocations":1,"location":null,"numPassingAsserts":1,"retryReasons":[],"status":"passed","title":"should accept required data prop"},{"ancestorTitles":["BarChart Component","Basic component structure"],"duration":0,"failureDetails":[],"failureMessages":[],"fullName":"BarChart Component Basic component structure should handle empty data array","invocations":1,"location":null,"numPassingAsserts":1,"retryReasons":[],"status":"passed","title":"should handle empty data array"},{"ancestorTitles":["BarChart Component","Implementation Tests"],"duration":0,"failureDetails":[],"failureMessages":[],"fullName":"BarChart Component Implementation Tests should render without errors with valid data","invocations":1,"location":null,"numPassingAsserts":2,"retryReasons":[],"status":"passed","title":"should render without errors with valid data"},{"ancestorTitles":["BarChart Component","Implementation Tests"],"duration":0,"failureDetails":[],"failureMessages":[],"fullName":"BarChart Component Implementation Tests should handle sorting functionality","invocations":1,"location":null,"numPassingAsserts":3,"retryReasons":[],"status":"passed","title":"should handle sorting functionality"},{"ancestorTitles":["BarChart Component","Implementation Tests"],"duration":1,"failureDetails":[],"failureMessages":[],"fullName":"BarChart Component Implementation Tests should handle showValue configurations","invocations":1,"location":null,"numPassingAsserts":2,"retryReasons":[],"status":"passed","title":"should handle showValue configurations"},{"ancestorTitles":["BarChart Component","Implementation Tests"],"duration":0,"failureDetails":[],"failureMessages":[],"fullName":"BarChart Component Implementation Tests should handle max value configurations","invocations":1,"location":null,"numPassingAsserts":2,"retryReasons":[],"status":"passed","title":"should handle max value configurations"},{"ancestorTitles":["BarChart Component","Implementation Tests"],"duration":0,"failureDetails":[],"failureMessages":[],"fullName":"BarChart Component Implementation Tests should handle width prop as auto","invocations":1,"location":null,"numPassingAsserts":1,"retryReasons":[],"status":"passed","title":"should handle width prop as auto"},{"ancestorTitles":["BarChart Component","Implementation Tests"],"duration":0,"failureDetails":[],"failureMessages":[],"fullName":"BarChart Component Implementation Tests should handle width prop as full","invocations":1,"location":null,"numPassingAsserts":1,"retryReasons":[],"status":"passed","title":"should handle width prop as full"},{"ancestorTitles":["BarChart Component","Implementation Tests"],"duration":1,"failureDetails":[],"failureMessages":[],"fullName":"BarChart Component Implementation Tests should handle width prop as number","invocations":1,"location":null,"numPassingAsserts":1,"retryReasons":[],"status":"passed","title":"should handle width prop as number"},{"ancestorTitles":["BarChart Component","Implementation Tests"],"duration":0,"failureDetails":[],"failureMessages":[],"fullName":"BarChart Component Implementation Tests should handle color prop with hex value","invocations":1,"location":null,"numPassingAsserts":1,"retryReasons":[],"status":"passed","title":"should handle color prop with hex value"},{"ancestorTitles":["BarChart Component","Implementation Tests"],"duration":0,"failureDetails":[],"failureMessages":[],"fullName":"BarChart Component Implementation Tests should handle color prop with ink color name","invocations":1,"location":null,"numPassingAsserts":1,"retryReasons":[],"status":"passed","title":"should handle color prop with ink color name"},{"ancestorTitles":["BarChart Component","Implementation Tests"],"duration":0,"failureDetails":[],"failureMessages":[],"fullName":"BarChart Component Implementation Tests should handle all barChar options","invocations":1,"location":null,"numPassingAsserts":5,"retryReasons":[],"status":"passed","title":"should handle all barChar options"},{"ancestorTitles":["BarChart Component","Implementation Tests"],"duration":0,"failureDetails":[],"failureMessages":[],"fullName":"BarChart Component Implementation Tests should handle format function prop","invocations":1,"location":null,"numPassingAsserts":3,"retryReasons":[],"status":"passed","title":"should handle format function prop"},{"ancestorTitles":["BarChart Component","Implementation Tests"],"duration":0,"failureDetails":[],"failureMessages":[],"fullName":"BarChart Component Implementation Tests should handle individual bar colors","invocations":1,"location":null,"numPassingAsserts":1,"retryReasons":[],"status":"passed","title":"should handle individual bar colors"},{"ancestorTitles":["BarChart Component","Implementation Tests"],"duration":0,"failureDetails":[],"failureMessages":[],"fullName":"BarChart Component Implementation Tests should handle mixed colored and uncolored bars","invocations":1,"location":null,"numPassingAsserts":1,"retryReasons":[],"status":"passed","title":"should handle mixed colored and uncolored bars"},{"ancestorTitles":["BarChart Component","Implementation Tests"],"duration":0,"failureDetails":[],"failureMessages":[],"fullName":"BarChart Component Implementation Tests should prioritize individual bar color over global color","invocations":1,"location":null,"numPassingAsserts":1,"retryReasons":[],"status":"passed","title":"should prioritize individual bar color over global color"},{"ancestorTitles":["BarChart Component","Implementation Tests"],"duration":0,"failureDetails":[],"failureMessages":[],"fullName":"BarChart Component Implementation Tests should handle showValue inside option","invocations":1,"location":null,"numPassingAsserts":1,"retryReasons":[],"status":"passed","title":"should handle showValue inside option"},{"ancestorTitles":["BarChart Component","Data validation and edge cases"],"duration":0,"failureDetails":[],"failureMessages":[],"fullName":"BarChart Component Data validation and edge cases should handle negative values","invocations":1,"location":null,"numPassingAsserts":1,"retryReasons":[],"status":"passed","title":"should handle negative values"},{"ancestorTitles":["BarChart Component","Data validation and edge cases"],"duration":0,"failureDetails":[],"failureMessages":[],"fullName":"BarChart Component Data validation and edge cases should handle zero values","invocations":1,"location":null,"numPassingAsserts":1,"retryReasons":[],"status":"passed","title":"should handle zero values"},{"ancestorTitles":["BarChart Component","Data validation and edge cases"],"duration":0,"failureDetails":[],"failureMessages":[],"fullName":"BarChart Component Data validation and edge cases should handle all zero values","invocations":1,"location":null,"numPassingAsserts":1,"retryReasons":[],"status":"passed","title":"should handle all zero values"},{"ancestorTitles":["BarChart Component","Data validation and edge cases"],"duration":0,"failureDetails":[],"failureMessages":[],"fullName":"BarChart Component Data validation and edge cases should handle very large values","invocations":1,"location":null,"numPassingAsserts":1,"retryReasons":[],"status":"passed","title":"should handle very large values"},{"ancestorTitles":["BarChart Component","Data validation and edge cases"],"duration":0,"failureDetails":[],"failureMessages":[],"fullName":"BarChart Component Data validation and edge cases should handle decimal values","invocations":1,"location":null,"numPassingAsserts":1,"retryReasons":[],"status":"passed","title":"should handle decimal values"},{"ancestorTitles":["BarChart Component","Data validation and edge cases"],"duration":0,"failureDetails":[],"failureMessages":[],"fullName":"BarChart Component Data validation and edge cases should handle long labels","invocations":1,"location":null,"numPassingAsserts":1,"retryReasons":[],"status":"passed","title":"should handle long labels"},{"ancestorTitles":["BarChart Component","Sorting behavior"],"duration":0,"failureDetails":[],"failureMessages":[],"fullName":"BarChart Component Sorting behavior should verify ascending sort order","invocations":1,"location":null,"numPassingAsserts":1,"retryReasons":[],"status":"passed","title":"should verify ascending sort order"},{"ancestorTitles":["BarChart Component","Sorting behavior"],"duration":0,"failureDetails":[],"failureMessages":[],"fullName":"BarChart Component Sorting behavior should verify descending sort order","invocations":1,"location":null,"numPassingAsserts":1,"retryReasons":[],"status":"passed","title":"should verify descending sort order"},{"ancestorTitles":["BarChart Component","Sorting behavior"],"duration":0,"failureDetails":[],"failureMessages":[],"fullName":"BarChart Component Sorting behavior should handle equal values in sorting","invocations":1,"location":null,"numPassingAsserts":2,"retryReasons":[],"status":"passed","title":"should handle equal values in sorting"},{"ancestorTitles":["BarChart Component","Component execution and coverage"],"duration":0,"failureDetails":[],"failureMessages":[],"fullName":"BarChart Component Component execution and coverage should execute BarChart component logic with various props","invocations":1,"location":null,"numPassingAsserts":11,"retryReasons":[],"status":"passed","title":"should execute BarChart component logic with various props"},{"ancestorTitles":["BarChart Component","Component execution and coverage"],"duration":1,"failureDetails":[],"failureMessages":[],"fullName":"BarChart Component Component execution and coverage should execute BarChart with edge case data","invocations":1,"location":null,"numPassingAsserts":5,"retryReasons":[],"status":"passed","title":"should execute BarChart with edge case data"},{"ancestorTitles":["BarChart Component","Component execution and coverage"],"duration":0,"failureDetails":[],"failureMessages":[],"fullName":"BarChart Component Component execution and coverage should test all barChar options comprehensively","invocations":1,"location":null,"numPassingAsserts":15,"retryReasons":[],"status":"passed","title":"should test all barChar options comprehensively"},{"ancestorTitles":["BarChart Component","Component execution and coverage"],"duration":0,"failureDetails":[],"failureMessages":[],"fullName":"BarChart Component Component execution and coverage should test complex combinations","invocations":1,"location":null,"numPassingAsserts":7,"retryReasons":[],"status":"passed","title":"should test complex combinations"},{"ancestorTitles":["BarChart Component","Width prop behavior"],"duration":0,"failureDetails":[],"failureMessages":[],"fullName":"BarChart Component Width prop behavior should handle full width option","invocations":1,"location":null,"numPassingAsserts":2,"retryReasons":[],"status":"passed","title":"should handle full width option"},{"ancestorTitles":["BarChart Component","Width prop behavior"],"duration":0,"failureDetails":[],"failureMessages":[],"fullName":"BarChart Component Width prop behavior should calculate full width with margin","invocations":1,"location":null,"numPassingAsserts":1,"retryReasons":[],"status":"passed","title":"should calculate full width with margin"},{"ancestorTitles":["BarChart Component","Width prop behavior"],"duration":0,"failureDetails":[],"failureMessages":[],"fullName":"BarChart Component Width prop behavior should handle auto width option","invocations":1,"location":null,"numPassingAsserts":1,"retryReasons":[],"status":"passed","title":"should handle auto width option"},{"ancestorTitles":["BarChart Component","Width prop behavior"],"duration":1,"failureDetails":[],"failureMessages":[],"fullName":"BarChart Component Width prop behavior should handle fixed width option","invocations":1,"location":null,"numPassingAsserts":1,"retryReasons":[],"status":"passed","title":"should handle fixed width option"}],"endTime":1756553761783,"message":"","name":"/Users/takuto/Dev/ink-chart/__tests__/barchart.spec.tsx","startTime":1756553761679,"status":"passed","summary":""},{"assertionResults":[{"ancestorTitles":["Sparkline Component","Basic component structure"],"duration":0,"failureDetails":[],"failureMessages":[],"fullName":"Sparkline Component Basic component structure should be defined as a function","invocations":1,"location":null,"numPassingAsserts":1,"retryReasons":[],"status":"passed","title":"should be defined as a function"},{"ancestorTitles":["Sparkline Component","Basic component structure"],"duration":1,"failureDetails":[],"failureMessages":[],"fullName":"Sparkline Component Basic component structure should return a React element or null","invocations":1,"location":null,"numPassingAsserts":2,"retryReasons":[],"status":"passed","title":"should return a React element or null"},{"ancestorTitles":["Sparkline Component","Basic component structure"],"duration":0,"failureDetails":[],"failureMessages":[],"fullName":"Sparkline Component Basic component structure should accept required data prop","invocations":1,"location":null,"numPassingAsserts":1,"retryReasons":[],"status":"passed","title":"should accept required data prop"},{"ancestorTitles":["Sparkline Component","Basic component structure"],"duration":0,"failureDetails":[],"failureMessages":[],"fullName":"Sparkline Component Basic component structure should handle empty data array","invocations":1,"location":null,"numPassingAsserts":1,"retryReasons":[],"status":"passed","title":"should handle empty data array"},{"ancestorTitles":["Sparkline Component","Props interface validation"],"duration":0,"failureDetails":[],"failureMessages":[],"fullName":"Sparkline Component Props interface validation should accept width prop as number","invocations":1,"location":null,"numPassingAsserts":1,"retryReasons":[],"status":"passed","title":"should accept width prop as number"},{"ancestorTitles":["Sparkline Component","Props interface validation"],"duration":0,"failureDetails":[],"failureMessages":[],"fullName":"Sparkline Component Props interface validation should accept width prop as auto","invocations":1,"location":null,"numPassingAsserts":1,"retryReasons":[],"status":"passed","title":"should accept width prop as auto"},{"ancestorTitles":["Sparkline Component","Props interface validation"],"duration":1,"failureDetails":[],"failureMessages":[],"fullName":"Sparkline Component Props interface validation should accept width prop as full","invocations":1,"location":null,"numPassingAsserts":1,"retryReasons":[],"status":"passed","title":"should accept width prop as full"},{"ancestorTitles":["Sparkline Component","Props interface validation"],"duration":0,"failureDetails":[],"failureMessages":[],"fullName":"Sparkline Component Props interface validation should accept mode prop as block","invocations":1,"location":null,"numPassingAsserts":1,"retryReasons":[],"status":"passed","title":"should accept mode prop as block"},{"ancestorTitles":["Sparkline Component","Props interface validation"],"duration":0,"failureDetails":[],"failureMessages":[],"fullName":"Sparkline Component Props interface validation should accept mode prop as braille","invocations":1,"location":null,"numPassingAsserts":1,"retryReasons":[],"status":"passed","title":"should accept mode prop as braille"},{"ancestorTitles":["Sparkline Component","Props interface validation"],"duration":0,"failureDetails":[],"failureMessages":[],"fullName":"Sparkline Component Props interface validation should accept yDomain prop as auto","invocations":1,"location":null,"numPassingAsserts":1,"retryReasons":[],"status":"passed","title":"should accept yDomain prop as auto"},{"ancestorTitles":["Sparkline Component","Props interface validation"],"duration":0,"failureDetails":[],"failureMessages":[],"fullName":"Sparkline Component Props interface validation should accept yDomain prop as tuple","invocations":1,"location":null,"numPassingAsserts":1,"retryReasons":[],"status":"passed","title":"should accept yDomain prop as tuple"},{"ancestorTitles":["Sparkline Component","Props interface validation"],"duration":1,"failureDetails":[],"failureMessages":[],"fullName":"Sparkline Component Props interface validation should accept threshold prop","invocations":1,"location":null,"numPassingAsserts":1,"retryReasons":[],"status":"passed","title":"should accept threshold prop"},{"ancestorTitles":["Sparkline Component","Props interface validation"],"duration":0,"failureDetails":[],"failureMessages":[],"fullName":"Sparkline Component Props interface validation should accept caption prop","invocations":1,"location":null,"numPassingAsserts":1,"retryReasons":[],"status":"passed","title":"should accept caption prop"},{"ancestorTitles":["Sparkline Component","Props interface validation"],"duration":0,"failureDetails":[],"failureMessages":[],"fullName":"Sparkline Component Props interface validation should accept colorScheme prop as red","invocations":1,"location":null,"numPassingAsserts":1,"retryReasons":[],"status":"passed","title":"should accept colorScheme prop as red"},{"ancestorTitles":["Sparkline Component","Props interface validation"],"duration":0,"failureDetails":[],"failureMessages":[],"fullName":"Sparkline Component Props interface validation should accept colorScheme prop as blue","invocations":1,"location":null,"numPassingAsserts":1,"retryReasons":[],"status":"passed","title":"should accept colorScheme prop as blue"},{"ancestorTitles":["Sparkline Component","Props interface validation"],"duration":0,"failureDetails":[],"failureMessages":[],"fullName":"Sparkline Component Props interface validation should accept colorScheme prop as green","invocations":1,"location":null,"numPassingAsserts":1,"retryReasons":[],"status":"passed","title":"should accept colorScheme prop as green"},{"ancestorTitles":["Sparkline Component","Props interface validation"],"duration":0,"failureDetails":[],"failureMessages":[],"fullName":"Sparkline Component Props interface validation should accept multiple thresholds as array","invocations":1,"location":null,"numPassingAsserts":1,"retryReasons":[],"status":"passed","title":"should accept multiple thresholds as array"},{"ancestorTitles":["Sparkline Component","Props interface validation"],"duration":1,"failureDetails":[],"failureMessages":[],"fullName":"Sparkline Component Props interface validation should accept combination of threshold and colorScheme","invocations":1,"location":null,"numPassingAsserts":1,"retryReasons":[],"status":"passed","title":"should accept combination of threshold and colorScheme"},{"ancestorTitles":["Sparkline Component","Data validation and edge cases"],"duration":7,"failureDetails":[],"failureMessages":[],"fullName":"Sparkline Component Data validation and edge cases should handle data with NaN values","invocations":1,"location":null,"numPassingAsserts":1,"retryReasons":[],"status":"passed","title":"should handle data with NaN values"},{"ancestorTitles":["Sparkline Component","Data validation and edge cases"],"duration":0,"failureDetails":[],"failureMessages":[],"fullName":"Sparkline Component Data validation and edge cases should handle data with Infinity values","invocations":1,"location":null,"numPassingAsserts":1,"retryReasons":[],"status":"passed","title":"should handle data with Infinity values"},{"ancestorTitles":["Sparkline Component","Data validation and edge cases"],"duration":1,"failureDetails":[],"failureMessages":[],"fullName":"Sparkline Component Data validation and edge cases should return null for all invalid data","invocations":1,"location":null,"numPassingAsserts":1,"retryReasons":[],"status":"passed","title":"should return null for all invalid data"},{"ancestorTitles":["Sparkline Component","Data validation and edge cases"],"duration":0,"failureDetails":[],"failureMessages":[],"fullName":"Sparkline Component Data validation and edge cases should handle negative values","invocations":1,"location":null,"numPassingAsserts":1,"retryReasons":[],"status":"passed","title":"should handle negative values"},{"ancestorTitles":["Sparkline Component","Data validation and edge cases"],"duration":0,"failureDetails":[],"failureMessages":[],"fullName":"Sparkline Component Data validation and edge cases should handle very large numbers","invocations":1,"location":null,"numPassingAsserts":1,"retryReasons":[],"status":"passed","title":"should handle very large numbers"},{"ancestorTitles":["Sparkline Component","Width prop behavior"],"duration":0,"failureDetails":[],"failureMessages":[],"fullName":"Sparkline Component Width prop behavior should handle full width option","invocations":1,"location":null,"numPassingAsserts":2,"retryReasons":[],"status":"passed","title":"should handle full width option"},{"ancestorTitles":["Sparkline Component","Width prop behavior"],"duration":1,"failureDetails":[],"failureMessages":[],"fullName":"Sparkline Component Width prop behavior should calculate full width with margin","invocations":1,"location":null,"numPassingAsserts":1,"retryReasons":[],"status":"passed","title":"should calculate full width with margin"},{"ancestorTitles":["Sparkline Component","Expected behavior (failing tests)"],"duration":0,"failureDetails":[],"failureMessages":[],"fullName":"Sparkline Component Expected behavior (failing tests) should render basic sparkline with block symbols","invocations":1,"location":null,"numPassingAsserts":2,"retryReasons":[],"status":"passed","title":"should render basic sparkline with block symbols"},{"ancestorTitles":["Sparkline Component","Expected behavior (failing tests)"],"duration":0,"failureDetails":[],"failureMessages":[],"fullName":"Sparkline Component Expected behavior (failing tests) should handle width configuration","invocations":1,"location":null,"numPassingAsserts":1,"retryReasons":[],"status":"passed","title":"should handle width configuration"},{"ancestorTitles":["Sparkline Component","Expected behavior (failing tests)"],"duration":0,"failureDetails":[],"failureMessages":[],"fullName":"Sparkline Component Expected behavior (failing tests) should handle different modes","invocations":1,"location":null,"numPassingAsserts":3,"retryReasons":[],"status":"passed","title":"should handle different modes"},{"ancestorTitles":["Sparkline Component","Expected behavior (failing tests)"],"duration":1,"failureDetails":[],"failureMessages":[],"fullName":"Sparkline Component Expected behavior (failing tests) should handle yDomain configuration","invocations":1,"location":null,"numPassingAsserts":5,"retryReasons":[],"status":"passed","title":"should handle yDomain configuration"},{"ancestorTitles":["Sparkline Component","Expected behavior (failing tests)"],"duration":0,"failureDetails":[],"failureMessages":[],"fullName":"Sparkline Component Expected behavior (failing tests) should handle threshold highlighting","invocations":1,"location":null,"numPassingAsserts":3,"retryReasons":[],"status":"passed","title":"should handle threshold highlighting"},{"ancestorTitles":["Sparkline Component","Expected behavior (failing tests)"],"duration":0,"failureDetails":[],"failureMessages":[],"fullName":"Sparkline Component Expected behavior (failing tests) should handle caption display","invocations":1,"location":null,"numPassingAsserts":3,"retryReasons":[],"status":"passed","title":"should handle caption display"}],"endTime":1756553761834,"message":"","name":"/Users/takuto/Dev/ink-chart/__tests__/sparkline.spec.tsx","startTime":1756553761789,"status":"passed","summary":""},{"assertionResults":[{"ancestorTitles":["BarChart Logic Functions","sortData"],"duration":0,"failureDetails":[],"failureMessages":[],"fullName":"BarChart Logic Functions sortData should sort in ascending order","invocations":1,"location":null,"numPassingAsserts":1,"retryReasons":[],"status":"passed","title":"should sort in ascending order"},{"ancestorTitles":["BarChart Logic Functions","sortData"],"duration":0,"failureDetails":[],"failureMessages":[],"fullName":"BarChart Logic Functions sortData should sort in descending order","invocations":1,"location":null,"numPassingAsserts":1,"retryReasons":[],"status":"passed","title":"should sort in descending order"},{"ancestorTitles":["BarChart Logic Functions","sortData"],"duration":0,"failureDetails":[],"failureMessages":[],"fullName":"BarChart Logic Functions sortData should maintain original order for none","invocations":1,"location":null,"numPassingAsserts":1,"retryReasons":[],"status":"passed","title":"should maintain original order for none"},{"ancestorTitles":["BarChart Logic Functions","sortData"],"duration":0,"failureDetails":[],"failureMessages":[],"fullName":"BarChart Logic Functions sortData should not modify original array","invocations":1,"location":null,"numPassingAsserts":1,"retryReasons":[],"status":"passed","title":"should not modify original array"},{"ancestorTitles":["BarChart Logic Functions","sortData"],"duration":1,"failureDetails":[],"failureMessages":[],"fullName":"BarChart Logic Functions sortData should handle equal values","invocations":1,"location":null,"numPassingAsserts":2,"retryReasons":[],"status":"passed","title":"should handle equal values"},{"ancestorTitles":["BarChart Logic Functions","sortData"],"duration":0,"failureDetails":[],"failureMessages":[],"fullName":"BarChart Logic Functions sortData should handle empty array","invocations":1,"location":null,"numPassingAsserts":1,"retryReasons":[],"status":"passed","title":"should handle empty array"},{"ancestorTitles":["BarChart Logic Functions","sortData"],"duration":0,"failureDetails":[],"failureMessages":[],"fullName":"BarChart Logic Functions sortData should handle single item","invocations":1,"location":null,"numPassingAsserts":1,"retryReasons":[],"status":"passed","title":"should handle single item"},{"ancestorTitles":["BarChart Logic Functions","calculateMaxValue"],"duration":0,"failureDetails":[],"failureMessages":[],"fullName":"BarChart Logic Functions calculateMaxValue should calculate auto max from data","invocations":1,"location":null,"numPassingAsserts":1,"retryReasons":[],"status":"passed","title":"should calculate auto max from data"},{"ancestorTitles":["BarChart Logic Functions","calculateMaxValue"],"duration":0,"failureDetails":[],"failureMessages":[],"fullName":"BarChart Logic Functions calculateMaxValue should use fixed max value","invocations":1,"location":null,"numPassingAsserts":1,"retryReasons":[],"status":"passed","title":"should use fixed max value"},{"ancestorTitles":["BarChart Logic Functions","calculateMaxValue"],"duration":0,"failureDetails":[],"failureMessages":[],"fullName":"BarChart Logic Functions calculateMaxValue should handle empty data","invocations":1,"location":null,"numPassingAsserts":1,"retryReasons":[],"status":"passed","title":"should handle empty data"},{"ancestorTitles":["BarChart Logic Functions","calculateMaxValue"],"duration":0,"failureDetails":[],"failureMessages":[],"fullName":"BarChart Logic Functions calculateMaxValue should handle negative values","invocations":1,"location":null,"numPassingAsserts":1,"retryReasons":[],"status":"passed","title":"should handle negative values"},{"ancestorTitles":["BarChart Logic Functions","calculateMaxValue"],"duration":0,"failureDetails":[],"failureMessages":[],"fullName":"BarChart Logic Functions calculateMaxValue should handle zero values","invocations":1,"location":null,"numPassingAsserts":1,"retryReasons":[],"status":"passed","title":"should handle zero values"},{"ancestorTitles":["BarChart Logic Functions","calculateEffectiveWidth"],"duration":0,"failureDetails":[],"failureMessages":[],"fullName":"BarChart Logic Functions calculateEffectiveWidth should return auto for auto width","invocations":1,"location":null,"numPassingAsserts":1,"retryReasons":[],"status":"passed","title":"should return auto for auto width"},{"ancestorTitles":["BarChart Logic Functions","calculateEffectiveWidth"],"duration":0,"failureDetails":[],"failureMessages":[],"fullName":"BarChart Logic Functions calculateEffectiveWidth should calculate full width with margin","invocations":1,"location":null,"numPassingAsserts":1,"retryReasons":[],"status":"passed","title":"should calculate full width with margin"},{"ancestorTitles":["BarChart Logic Functions","calculateEffectiveWidth"],"duration":1,"failureDetails":[],"failureMessages":[],"fullName":"BarChart Logic Functions calculateEffectiveWidth should use minimum width for full","invocations":1,"location":null,"numPassingAsserts":1,"retryReasons":[],"status":"passed","title":"should use minimum width for full"},{"ancestorTitles":["BarChart Logic Functions","calculateEffectiveWidth"],"duration":0,"failureDetails":[],"failureMessages":[],"fullName":"BarChart Logic Functions calculateEffectiveWidth should handle very small terminal width","invocations":1,"location":null,"numPassingAsserts":1,"retryReasons":[],"status":"passed","title":"should handle very small terminal width"},{"ancestorTitles":["BarChart Logic Functions","calculateEffectiveWidth"],"duration":0,"failureDetails":[],"failureMessages":[],"fullName":"BarChart Logic Functions calculateEffectiveWidth should pass through fixed width","invocations":1,"location":null,"numPassingAsserts":1,"retryReasons":[],"status":"passed","title":"should pass through fixed width"},{"ancestorTitles":["BarChart Logic Functions","renderAutoWidthRow"],"duration":0,"failureDetails":[],"failureMessages":[],"fullName":"BarChart Logic Functions renderAutoWidthRow should render without value","invocations":1,"location":null,"numPassingAsserts":1,"retryReasons":[],"status":"passed","title":"should render without value"},{"ancestorTitles":["BarChart Logic Functions","renderAutoWidthRow"],"duration":0,"failureDetails":[],"failureMessages":[],"fullName":"BarChart Logic Functions renderAutoWidthRow should render with value on right","invocations":1,"location":null,"numPassingAsserts":1,"retryReasons":[],"status":"passed","title":"should render with value on right"},{"ancestorTitles":["BarChart Logic Functions","renderAutoWidthRow"],"duration":0,"failureDetails":[],"failureMessages":[],"fullName":"BarChart Logic Functions renderAutoWidthRow should use custom format function","invocations":1,"location":null,"numPassingAsserts":1,"retryReasons":[],"status":"passed","title":"should use custom format function"},{"ancestorTitles":["BarChart Logic Functions","renderAutoWidthRow"],"duration":0,"failureDetails":[],"failureMessages":[],"fullName":"BarChart Logic Functions renderAutoWidthRow should use custom bar character","invocations":1,"location":null,"numPassingAsserts":1,"retryReasons":[],"status":"passed","title":"should use custom bar character"},{"ancestorTitles":["BarChart Logic Functions","renderAutoWidthRow"],"duration":0,"failureDetails":[],"failureMessages":[],"fullName":"BarChart Logic Functions renderAutoWidthRow should handle minimum bar length","invocations":1,"location":null,"numPassingAsserts":1,"retryReasons":[],"status":"passed","title":"should handle minimum bar length"},{"ancestorTitles":["BarChart Logic Functions","renderAutoWidthRow"],"duration":0,"failureDetails":[],"failureMessages":[],"fullName":"BarChart Logic Functions renderAutoWidthRow should handle maximum ratio","invocations":1,"location":null,"numPassingAsserts":1,"retryReasons":[],"status":"passed","title":"should handle maximum ratio"},{"ancestorTitles":["BarChart Logic Functions","renderAutoWidthRow"],"duration":0,"failureDetails":[],"failureMessages":[],"fullName":"BarChart Logic Functions renderAutoWidthRow should handle zero ratio","invocations":1,"location":null,"numPassingAsserts":1,"retryReasons":[],"status":"passed","title":"should handle zero ratio"},{"ancestorTitles":["BarChart Logic Functions","renderFixedWidthRow"],"duration":1,"failureDetails":[],"failureMessages":[],"fullName":"BarChart Logic Functions renderFixedWidthRow should render without value","invocations":1,"location":null,"numPassingAsserts":3,"retryReasons":[],"status":"passed","title":"should render without value"},{"ancestorTitles":["BarChart Logic Functions","renderFixedWidthRow"],"duration":1,"failureDetails":[],"failureMessages":[],"fullName":"BarChart Logic Functions renderFixedWidthRow should render with value on right","invocations":1,"location":null,"numPassingAsserts":3,"retryReasons":[],"status":"passed","title":"should render with value on right"},{"ancestorTitles":["BarChart Logic Functions","renderFixedWidthRow"],"duration":0,"failureDetails":[],"failureMessages":[],"fullName":"BarChart Logic Functions renderFixedWidthRow should truncate long labels","invocations":1,"location":null,"numPassingAsserts":2,"retryReasons":[],"status":"passed","title":"should truncate long labels"},{"ancestorTitles":["BarChart Logic Functions","renderFixedWidthRow"],"duration":0,"failureDetails":[],"failureMessages":[],"fullName":"BarChart Logic Functions renderFixedWidthRow should use custom format function","invocations":1,"location":null,"numPassingAsserts":1,"retryReasons":[],"status":"passed","title":"should use custom format function"},{"ancestorTitles":["BarChart Logic Functions","renderFixedWidthRow"],"duration":1,"failureDetails":[],"failureMessages":[],"fullName":"BarChart Logic Functions renderFixedWidthRow should use custom bar character","invocations":1,"location":null,"numPassingAsserts":1,"retryReasons":[],"status":"passed","title":"should use custom bar character"},{"ancestorTitles":["BarChart Logic Functions","renderFixedWidthRow"],"duration":0,"failureDetails":[],"failureMessages":[],"fullName":"BarChart Logic Functions renderFixedWidthRow should handle minimum bar length","invocations":1,"location":null,"numPassingAsserts":1,"retryReasons":[],"status":"passed","title":"should handle minimum bar length"},{"ancestorTitles":["BarChart Logic Functions","renderFixedWidthRow"],"duration":0,"failureDetails":[],"failureMessages":[],"fullName":"BarChart Logic Functions renderFixedWidthRow should pad bar area consistently","invocations":1,"location":null,"numPassingAsserts":1,"retryReasons":[],"status":"passed","title":"should pad bar area consistently"},{"ancestorTitles":["BarChart Logic Functions","calculateBarChartLayout"],"duration":0,"failureDetails":[],"failureMessages":[],"fullName":"BarChart Logic Functions calculateBarChartLayout should calculate layout for fixed width","invocations":1,"location":null,"numPassingAsserts":7,"retryReasons":[],"status":"passed","title":"should calculate layout for fixed width"},{"ancestorTitles":["BarChart Logic Functions","calculateBarChartLayout"],"duration":0,"failureDetails":[],"failureMessages":[],"fullName":"BarChart Logic Functions calculateBarChartLayout should return null for empty data","invocations":1,"location":null,"numPassingAsserts":1,"retryReasons":[],"status":"passed","title":"should return null for empty data"},{"ancestorTitles":["BarChart Logic Functions","calculateBarChartLayout"],"duration":1,"failureDetails":[],"failureMessages":[],"fullName":"BarChart Logic Functions calculateBarChartLayout should handle showValue none","invocations":1,"location":null,"numPassingAsserts":2,"retryReasons":[],"status":"passed","title":"should handle showValue none"},{"ancestorTitles":["BarChart Logic Functions","calculateBarChartLayout"],"duration":12,"failureDetails":[],"failureMessages":[],"fullName":"BarChart Logic Functions calculateBarChartLayout should handle large format values","invocations":1,"location":null,"numPassingAsserts":2,"retryReasons":[],"status":"passed","title":"should handle large format values"},{"ancestorTitles":["BarChart Logic Functions","Edge cases and error handling"],"duration":0,"failureDetails":[],"failureMessages":[],"fullName":"BarChart Logic Functions Edge cases and error handling should handle data with special characters in labels","invocations":1,"location":null,"numPassingAsserts":2,"retryReasons":[],"status":"passed","title":"should handle data with special characters in labels"},{"ancestorTitles":["BarChart Logic Functions","Edge cases and error handling"],"duration":0,"failureDetails":[],"failureMessages":[],"fullName":"BarChart Logic Functions Edge cases and error handling should handle extreme ratios in rendering","invocations":1,"location":null,"numPassingAsserts":3,"retryReasons":[],"status":"passed","title":"should handle extreme ratios in rendering"},{"ancestorTitles":["BarChart Logic Functions","Edge cases and error handling"],"duration":0,"failureDetails":[],"failureMessages":[],"fullName":"BarChart Logic Functions Edge cases and error handling should handle very small layouts","invocations":1,"location":null,"numPassingAsserts":2,"retryReasons":[],"status":"passed","title":"should handle very small layouts"},{"ancestorTitles":["BarChart Logic Functions","Edge cases and error handling"],"duration":1,"failureDetails":[],"failureMessages":[],"fullName":"BarChart Logic Functions Edge cases and error handling should handle format function errors gracefully","invocations":1,"location":null,"numPassingAsserts":1,"retryReasons":[],"status":"passed","title":"should handle format function errors gracefully"},{"ancestorTitles":["BarChart Logic Functions","Edge cases and error handling"],"duration":0,"failureDetails":[],"failureMessages":[],"fullName":"BarChart Logic Functions Edge cases and error handling should handle negative values in rendering","invocations":1,"location":null,"numPassingAsserts":4,"retryReasons":[],"status":"passed","title":"should handle negative values in rendering"},{"ancestorTitles":["BarChart Logic Functions","Performance and consistency"],"duration":1,"failureDetails":[],"failureMessages":[],"fullName":"BarChart Logic Functions Performance and consistency should handle large datasets efficiently","invocations":1,"location":null,"numPassingAsserts":3,"retryReasons":[],"status":"passed","title":"should handle large datasets efficiently"},{"ancestorTitles":["BarChart Logic Functions","Performance and consistency"],"duration":0,"failureDetails":[],"failureMessages":[],"fullName":"BarChart Logic Functions Performance and consistency should produce consistent results","invocations":1,"location":null,"numPassingAsserts":2,"retryReasons":[],"status":"passed","title":"should produce consistent results"}],"endTime":1756553761889,"message":"","name":"/Users/takuto/Dev/ink-chart/__tests__/barchart.logic.spec.ts","startTime":1756553761854,"status":"passed","summary":""},{"assertionResults":[{"ancestorTitles":["measure functions","measureWidth"],"duration":0,"failureDetails":[],"failureMessages":[],"fullName":"measure functions measureWidth should measure ASCII characters as width 1 each","invocations":1,"location":null,"numPassingAsserts":3,"retryReasons":[],"status":"passed","title":"should measure ASCII characters as width 1 each"},{"ancestorTitles":["measure functions","measureWidth"],"duration":0,"failureDetails":[],"failureMessages":[],"fullName":"measure functions measureWidth should measure full-width characters as width 2 each","invocations":1,"location":null,"numPassingAsserts":3,"retryReasons":[],"status":"passed","title":"should measure full-width characters as width 2 each"},{"ancestorTitles":["measure functions","measureWidth"],"duration":0,"failureDetails":[],"failureMessages":[],"fullName":"measure functions measureWidth should measure emoji as width 2 each","invocations":1,"location":null,"numPassingAsserts":3,"retryReasons":[],"status":"passed","title":"should measure emoji as width 2 each"},{"ancestorTitles":["measure functions","measureWidth"],"duration":0,"failureDetails":[],"failureMessages":[],"fullName":"measure functions measureWidth should handle mixed character types","invocations":1,"location":null,"numPassingAsserts":3,"retryReasons":[],"status":"passed","title":"should handle mixed character types"},{"ancestorTitles":["measure functions","measureWidth"],"duration":0,"failureDetails":[],"failureMessages":[],"fullName":"measure functions measureWidth should handle empty strings","invocations":1,"location":null,"numPassingAsserts":1,"retryReasons":[],"status":"passed","title":"should handle empty strings"},{"ancestorTitles":["measure functions","measureWidth"],"duration":0,"failureDetails":[],"failureMessages":[],"fullName":"measure functions measureWidth should handle control characters and zero-width characters","invocations":1,"location":null,"numPassingAsserts":3,"retryReasons":[],"status":"passed","title":"should handle control characters and zero-width characters"},{"ancestorTitles":["measure functions","measureWidth"],"duration":1,"failureDetails":[],"failureMessages":[],"fullName":"measure functions measureWidth should handle combining characters","invocations":1,"location":null,"numPassingAsserts":2,"retryReasons":[],"status":"passed","title":"should handle combining characters"},{"ancestorTitles":["measure functions","truncateText"],"duration":0,"failureDetails":[],"failureMessages":[],"fullName":"measure functions truncateText should truncate ASCII text with ellipsis when exceeding limit","invocations":1,"location":null,"numPassingAsserts":2,"retryReasons":[],"status":"passed","title":"should truncate ASCII text with ellipsis when exceeding limit"},{"ancestorTitles":["measure functions","truncateText"],"duration":0,"failureDetails":[],"failureMessages":[],"fullName":"measure functions truncateText should return original text when within limit","invocations":1,"location":null,"numPassingAsserts":2,"retryReasons":[],"status":"passed","title":"should return original text when within limit"},{"ancestorTitles":["measure functions","truncateText"],"duration":0,"failureDetails":[],"failureMessages":[],"fullName":"measure functions truncateText should handle full-width characters correctly","invocations":1,"location":null,"numPassingAsserts":3,"retryReasons":[],"status":"passed","title":"should handle full-width characters correctly"},{"ancestorTitles":["measure functions","truncateText"],"duration":1,"failureDetails":[],"failureMessages":[],"fullName":"measure functions truncateText should handle emoji truncation","invocations":1,"location":null,"numPassingAsserts":3,"retryReasons":[],"status":"passed","title":"should handle emoji truncation"},{"ancestorTitles":["measure functions","truncateText"],"duration":1,"failureDetails":[],"failureMessages":[],"fullName":"measure functions truncateText should handle mixed content truncation","invocations":1,"location":null,"numPassingAsserts":3,"retryReasons":[],"status":"passed","title":"should handle mixed content truncation"},{"ancestorTitles":["measure functions","truncateText"],"duration":5,"failureDetails":[],"failureMessages":[],"fullName":"measure functions truncateText should ensure visual width never exceeds limit after truncation","invocations":1,"location":null,"numPassingAsserts":50,"retryReasons":[],"status":"passed","title":"should ensure visual width never exceeds limit after truncation"},{"ancestorTitles":["measure functions","truncateText"],"duration":0,"failureDetails":[],"failureMessages":[],"fullName":"measure functions truncateText should handle edge cases gracefully","invocations":1,"location":null,"numPassingAsserts":4,"retryReasons":[],"status":"passed","title":"should handle edge cases gracefully"},{"ancestorTitles":["measure functions","truncateText"],"duration":0,"failureDetails":[],"failureMessages":[],"fullName":"measure functions truncateText should handle single character edge case correctly","invocations":1,"location":null,"numPassingAsserts":3,"retryReasons":[],"status":"passed","title":"should handle single character edge case correctly"}],"endTime":1756553761916,"message":"","name":"/Users/takuto/Dev/ink-chart/__tests__/measure.test.ts","startTime":1756553761895,"status":"passed","summary":""},{"assertionResults":[{"ancestorTitles":["scale functions","normalize"],"duration":0,"failureDetails":[],"failureMessages":[],"fullName":"scale functions normalize should normalize [0, 10] range so that 0→0 and 10→1","invocations":1,"location":null,"numPassingAsserts":3,"retryReasons":[],"status":"passed","title":"should normalize [0, 10] range so that 0→0 and 10→1"},{"ancestorTitles":["scale functions","normalize"],"duration":0,"failureDetails":[],"failureMessages":[],"fullName":"scale functions normalize should handle negative ranges","invocations":1,"location":null,"numPassingAsserts":3,"retryReasons":[],"status":"passed","title":"should handle negative ranges"},{"ancestorTitles":["scale functions","normalize"],"duration":1,"failureDetails":[],"failureMessages":[],"fullName":"scale functions normalize should handle single value ranges by returning 0","invocations":1,"location":null,"numPassingAsserts":3,"retryReasons":[],"status":"passed","title":"should handle single value ranges by returning 0"},{"ancestorTitles":["scale functions","normalize"],"duration":0,"failureDetails":[],"failureMessages":[],"fullName":"scale functions normalize should handle empty arrays by treating as [0, 0]","invocations":1,"location":null,"numPassingAsserts":2,"retryReasons":[],"status":"passed","title":"should handle empty arrays by treating as [0, 0]"},{"ancestorTitles":["scale functions","normalize"],"duration":0,"failureDetails":[],"failureMessages":[],"fullName":"scale functions normalize should preserve monotonicity","invocations":1,"location":null,"numPassingAsserts":2,"retryReasons":[],"status":"passed","title":"should preserve monotonicity"},{"ancestorTitles":["scale functions","normalize"],"duration":0,"failureDetails":[],"failureMessages":[],"fullName":"scale functions normalize should handle values outside the range","invocations":1,"location":null,"numPassingAsserts":2,"retryReasons":[],"status":"passed","title":"should handle values outside the range"},{"ancestorTitles":["scale functions","quantize"],"duration":1,"failureDetails":[],"failureMessages":[],"fullName":"scale functions quantize should produce monotonic sequence for quantize(0..1, n=8)","invocations":1,"location":null,"numPassingAsserts":58,"retryReasons":[],"status":"passed","title":"should produce monotonic sequence for quantize(0..1, n=8)"},{"ancestorTitles":["scale functions","quantize"],"duration":1,"failureDetails":[],"failureMessages":[],"fullName":"scale functions quantize should handle boundary values correctly","invocations":1,"location":null,"numPassingAsserts":4,"retryReasons":[],"status":"passed","title":"should handle boundary values correctly"},{"ancestorTitles":["scale functions","quantize"],"duration":0,"failureDetails":[],"failureMessages":[],"fullName":"scale functions quantize should work with different quantization levels","invocations":1,"location":null,"numPassingAsserts":3,"retryReasons":[],"status":"passed","title":"should work with different quantization levels"},{"ancestorTitles":["scale functions","quantize"],"duration":0,"failureDetails":[],"failureMessages":[],"fullName":"scale functions quantize should handle out-of-range values gracefully","invocations":1,"location":null,"numPassingAsserts":2,"retryReasons":[],"status":"passed","title":"should handle out-of-range values gracefully"},{"ancestorTitles":["scale functions","quantize"],"duration":0,"failureDetails":[],"failureMessages":[],"fullName":"scale functions quantize should handle edge case of n=1","invocations":1,"location":null,"numPassingAsserts":3,"retryReasons":[],"status":"passed","title":"should handle edge case of n=1"}],"endTime":1756553761937,"message":"","name":"/Users/takuto/Dev/ink-chart/__tests__/scale.test.ts","startTime":1756553761920,"status":"passed","summary":""},{"assertionResults":[{"ancestorTitles":["useAutoWidth Hook"],"duration":0,"failureDetails":[],"failureMessages":[],"fullName":"useAutoWidth Hook should be defined and exportable","invocations":1,"location":null,"numPassingAsserts":1,"retryReasons":[],"status":"passed","title":"should be defined and exportable"},{"ancestorTitles":["useAutoWidth Hook"],"duration":1,"failureDetails":[],"failureMessages":[],"fullName":"useAutoWidth Hook should return correct API shape when called directly","invocations":1,"location":null,"numPassingAsserts":5,"retryReasons":[],"status":"passed","title":"should return correct API shape when called directly"},{"ancestorTitles":["useAutoWidth Hook"],"duration":0,"failureDetails":[],"failureMessages":[],"fullName":"useAutoWidth Hook should provide fallback width when columns is undefined","invocations":1,"location":null,"numPassingAsserts":2,"retryReasons":[],"status":"passed","title":"should provide fallback width when columns is undefined"},{"ancestorTitles":["useAutoWidth Hook"],"duration":0,"failureDetails":[],"failureMessages":[],"fullName":"useAutoWidth Hook should register and cleanup SIGWINCH event listener","invocations":1,"location":null,"numPassingAsserts":2,"retryReasons":[],"status":"passed","title":"should register and cleanup SIGWINCH event listener"},{"ancestorTitles":["useAutoWidth Hook"],"duration":2,"failureDetails":[],"failureMessages":[],"fullName":"useAutoWidth Hook should debounce rapid terminal resize events (40→80→40 = 1 redraw in 120ms)","invocations":1,"location":null,"numPassingAsserts":3,"retryReasons":[],"status":"passed","title":"should debounce rapid terminal resize events (40→80→40 = 1 redraw in 120ms)"},{"ancestorTitles":["useAutoWidth Hook"],"duration":0,"failureDetails":[],"failureMessages":[],"fullName":"useAutoWidth Hook should properly handle multiple debounced events","invocations":1,"location":null,"numPassingAsserts":3,"retryReasons":[],"status":"passed","title":"should properly handle multiple debounced events"}],"endTime":1756553761956,"message":"","name":"/Users/takuto/Dev/ink-chart/__tests__/autowidth.spec.tsx","startTime":1756553761939,"status":"passed","summary":""},{"assertionResults":[{"ancestorTitles":["barchart layout functions","calculateLayout"],"duration":0,"failureDetails":[],"failureMessages":[],"fullName":"barchart layout functions calculateLayout should allocate width correctly: label + bar + value = total width","invocations":1,"location":null,"numPassingAsserts":4,"retryReasons":[],"status":"passed","title":"should allocate width correctly: label + bar + value = total width"},{"ancestorTitles":["barchart layout functions","calculateLayout"],"duration":0,"failureDetails":[],"failureMessages":[],"fullName":"barchart layout functions calculateLayout should ensure non-negative width guarantees","invocations":1,"location":null,"numPassingAsserts":4,"retryReasons":[],"status":"passed","title":"should ensure non-negative width guarantees"},{"ancestorTitles":["barchart layout functions","calculateLayout"],"duration":0,"failureDetails":[],"failureMessages":[],"fullName":"barchart layout functions calculateLayout should respect minimum bar width requirement","invocations":1,"location":null,"numPassingAsserts":2,"retryReasons":[],"status":"passed","title":"should respect minimum bar width requirement"},{"ancestorTitles":["barchart layout functions","calculateLayout"],"duration":0,"failureDetails":[],"failureMessages":[],"fullName":"barchart layout functions calculateLayout should handle case when content exceeds available width gracefully","invocations":1,"location":null,"numPassingAsserts":4,"retryReasons":[],"status":"passed","title":"should handle case when content exceeds available width gracefully"},{"ancestorTitles":["barchart layout functions","calculateLayout"],"duration":0,"failureDetails":[],"failureMessages":[],"fullName":"barchart layout functions calculateLayout should prioritize bar width over label and value when space is tight","invocations":1,"location":null,"numPassingAsserts":4,"retryReasons":[],"status":"passed","title":"should prioritize bar width over label and value when space is tight"},{"ancestorTitles":["barchart layout functions","calculateLayout"],"duration":0,"failureDetails":[],"failureMessages":[],"fullName":"barchart layout functions calculateLayout should provide consistent behavior across different data sets","invocations":1,"location":null,"numPassingAsserts":9,"retryReasons":[],"status":"passed","title":"should provide consistent behavior across different data sets"},{"ancestorTitles":["barchart layout functions","calculateLayout"],"duration":0,"failureDetails":[],"failureMessages":[],"fullName":"barchart layout functions calculateLayout should handle edge case of very small total width","invocations":1,"location":null,"numPassingAsserts":2,"retryReasons":[],"status":"passed","title":"should handle edge case of very small total width"},{"ancestorTitles":["barchart layout functions","calculateLayout"],"duration":1,"failureDetails":[],"failureMessages":[],"fullName":"barchart layout functions calculateLayout should handle zero and negative inputs gracefully","invocations":1,"location":null,"numPassingAsserts":3,"retryReasons":[],"status":"passed","title":"should handle zero and negative inputs gracefully"},{"ancestorTitles":["barchart layout functions","calculateLayout"],"duration":0,"failureDetails":[],"failureMessages":[],"fullName":"barchart layout functions calculateLayout should allocate remaining space proportionally when possible","invocations":1,"location":null,"numPassingAsserts":3,"retryReasons":[],"status":"passed","title":"should allocate remaining space proportionally when possible"},{"ancestorTitles":["barchart layout functions","calculateLayout"],"duration":0,"failureDetails":[],"failureMessages":[],"fullName":"barchart layout functions calculateLayout should scale down label and value proportionally when bar needs more space","invocations":1,"location":null,"numPassingAsserts":4,"retryReasons":[],"status":"passed","title":"should scale down label and value proportionally when bar needs more space"}],"endTime":1756553761973,"message":"","name":"/Users/takuto/Dev/ink-chart/__tests__/barchart.layout.test.ts","startTime":1756553761958,"status":"passed","summary":""},{"assertionResults":[{"ancestorTitles":["Demo CLI Application","Demo Component Tests"],"duration":0,"failureDetails":[],"failureMessages":[],"fullName":"Demo CLI Application Demo Component Tests should pass basic test","invocations":1,"location":null,"numPassingAsserts":1,"retryReasons":[],"status":"passed","title":"should pass basic test"}],"endTime":1756553761985,"message":"","name":"/Users/takuto/Dev/ink-chart/__tests__/demo.spec.tsx","startTime":1756553761975,"status":"passed","summary":""}],"wasInterrupted":false,"coverageMap":{"/Users/takuto/Dev/ink-chart/src/components/BarChart.tsx":{"path":"/Users/takuto/Dev/ink-chart/src/components/BarChart.tsx","statementMap":{"0":{"start":{"line":1,"column":0},"end":{"line":1,"column":39}},"1":{"start":{"line":2,"column":0},"end":{"line":2,"column":32}},"2":{"start":{"line":3,"column":0},"end":{"line":3,"column":55}},"3":{"start":{"line":4,"column":0},"end":{"line":4,"column":null}},"4":{"start":{"line":100,"column":15},"end":{"line":135,"column":2}},"5":{"start":{"line":109,"column":25},"end":{"line":109,"column":44}},"6":{"start":{"line":111,"column":21},"end":{"line":117,"column":55}},"7":{"start":{"line":112,"column":4},"end":{"line":116,"column":5}},"8":{"start":{"line":113,"column":6},"end":{"line":113,"column":82}},"9":{"start":{"line":115,"column":6},"end":{"line":115,"column":73}},"10":{"start":{"line":119,"column":2},"end":{"line":123,"column":4}},"11":{"start":{"line":126,"column":2},"end":{"line":134,"column":4}},"12":{"start":{"line":137,"column":0},"end":{"line":137,"column":30}},"13":{"start":{"line":176,"column":13},"end":{"line":277,"column":3}},"14":{"start":{"line":186,"column":6},"end":{"line":186,"column":11}},"15":{"start":{"line":182,"column":32},"end":{"line":182,"column":48}},"16":{"start":{"line":189,"column":20},"end":{"line":189,"column":34}},"17":{"start":{"line":190,"column":25},"end":{"line":190,"column":72}},"18":{"start":{"line":193,"column":21},"end":{"line":198,"column":18}},"19":{"start":{"line":194,"column":4},"end":{"line":196,"column":5}},"20":{"start":{"line":195,"column":6},"end":{"line":195,"column":16}},"21":{"start":{"line":197,"column":4},"end":{"line":197,"column":32}},"22":{"start":{"line":201,"column":19},"end":{"line":203,"column":23}},"23":{"start":{"line":202,"column":4},"end":{"line":202,"column":46}},"24":{"start":{"line":206,"column":17},"end":{"line":211,"column":53}},"25":{"start":{"line":207,"column":4},"end":{"line":209,"column":5}},"26":{"start":{"line":208,"column":6},"end":{"line":208,"column":84}},"27":{"start":{"line":210,"column":4},"end":{"line":210,"column":16}},"28":{"start":{"line":214,"column":15},"end":{"line":235,"column":71}},"29":{"start":{"line":215,"column":4},"end":{"line":217,"column":5}},"30":{"start":{"line":216,"column":6},"end":{"line":216,"column":16}},"31":{"start":{"line":219,"column":4},"end":{"line":234,"column":7}},"32":{"start":{"line":220,"column":20},"end":{"line":220,"column":41}},"33":{"start":{"line":222,"column":6},"end":{"line":233,"column":8}},"34":{"start":{"line":238,"column":2},"end":{"line":240,"column":3}},"35":{"start":{"line":239,"column":4},"end":{"line":239,"column":16}},"36":{"start":{"line":243,"column":2},"end":{"line":245,"column":3}},"37":{"start":{"line":244,"column":4},"end":{"line":244,"column":16}},"38":{"start":{"line":247,"column":2},"end":{"line":251,"column":4}},"39":{"start":{"line":255,"column":2},"end":{"line":255,"column":68}},"40":{"start":{"line":255,"column":55},"end":{"line":255,"column":68}},"41":{"start":{"line":257,"column":2},"end":{"line":267,"column":3}},"42":{"start":{"line":257,"column":15},"end":{"line":257,"column":16}},"43":{"start":{"line":258,"column":21},"end":{"line":258,"column":38}},"44":{"start":{"line":259,"column":21},"end":{"line":259,"column":38}},"45":{"start":{"line":260,"column":4},"end":{"line":260,"column":45}},"46":{"start":{"line":260,"column":32},"end":{"line":260,"column":45}},"47":{"start":{"line":262,"column":4},"end":{"line":266,"column":5}},"48":{"start":{"line":265,"column":6},"end":{"line":265,"column":19}},"49":{"start":{"line":269,"column":2},"end":{"line":276,"column":4}}},"fnMap":{"0":{"name":"(anonymous_9)","decl":{"start":{"line":108,"column":3},"end":{"line":108,"column":4}},"loc":{"start":{"line":108,"column":66},"end":{"line":124,"column":1}}},"1":{"name":"(anonymous_10)","decl":{"start":{"line":111,"column":29},"end":{"line":111,"column":32}},"loc":{"start":{"line":111,"column":34},"end":{"line":117,"column":3}}},"2":{"name":"(anonymous_11)","decl":{"start":{"line":124,"column":3},"end":{"line":124,"column":4}},"loc":{"start":{"line":124,"column":28},"end":{"line":135,"column":1}}},"3":{"name":"BarChart","decl":{"start":{"line":176,"column":59},"end":{"line":176,"column":67}},"loc":{"start":{"line":176,"column":88},"end":{"line":252,"column":1}}},"4":{"name":"(anonymous_13)","decl":{"start":{"line":182,"column":13},"end":{"line":182,"column":14}},"loc":{"start":{"line":182,"column":32},"end":{"line":182,"column":48}}},"5":{"name":"(anonymous_14)","decl":{"start":{"line":193,"column":29},"end":{"line":193,"column":32}},"loc":{"start":{"line":193,"column":34},"end":{"line":198,"column":3}}},"6":{"name":"(anonymous_15)","decl":{"start":{"line":201,"column":27},"end":{"line":201,"column":30}},"loc":{"start":{"line":201,"column":32},"end":{"line":203,"column":3}}},"7":{"name":"(anonymous_16)","decl":{"start":{"line":206,"column":25},"end":{"line":206,"column":28}},"loc":{"start":{"line":206,"column":30},"end":{"line":211,"column":3}}},"8":{"name":"(anonymous_17)","decl":{"start":{"line":214,"column":23},"end":{"line":214,"column":26}},"loc":{"start":{"line":214,"column":28},"end":{"line":235,"column":3}}},"9":{"name":"(anonymous_18)","decl":{"start":{"line":219,"column":26},"end":{"line":219,"column":27}},"loc":{"start":{"line":219,"column":42},"end":{"line":234,"column":5}}},"10":{"name":"(anonymous_19)","decl":{"start":{"line":252,"column":3},"end":{"line":252,"column":4}},"loc":{"start":{"line":252,"column":28},"end":{"line":277,"column":1}}}},"branchMap":{"0":{"loc":{"start":{"line":109,"column":25},"end":{"line":109,"column":44}},"type":"binary-expr","locations":[{"start":{"line":109,"column":25},"end":{"line":109,"column":35}},{"start":{"line":109,"column":39},"end":{"line":109,"column":44}}]},"1":{"loc":{"start":{"line":112,"column":4},"end":{"line":116,"column":5}},"type":"if","locations":[{"start":{"line":112,"column":4},"end":{"line":116,"column":5}},{"start":{"line":114,"column":11},"end":{"line":116,"column":5}}]},"2":{"loc":{"start":{"line":119,"column":9},"end":{"line":122,"column":null}},"type":"cond-expr","locations":[{"start":{"line":120,"column":4},"end":{"line":120,"column":52}},{"start":{"line":122,"column":4},"end":{"line":122,"column":29}}]},"3":{"loc":{"start":{"line":127,"column":4},"end":{"line":133,"column":39}},"type":"binary-expr","locations":[{"start":{"line":127,"column":4},"end":{"line":127,"column":49}},{"start":{"line":128,"column":4},"end":{"line":128,"column":49}},{"start":{"line":129,"column":4},"end":{"line":129,"column":49}},{"start":{"line":130,"column":4},"end":{"line":130,"column":39}},{"start":{"line":131,"column":4},"end":{"line":131,"column":47}},{"start":{"line":132,"column":4},"end":{"line":132,"column":43}},{"start":{"line":133,"column":4},"end":{"line":133,"column":39}}]},"4":{"loc":{"start":{"line":179,"column":4},"end":{"line":179,"column":16}},"type":"default-arg","locations":[{"start":{"line":179,"column":10},"end":{"line":179,"column":16}}]},"5":{"loc":{"start":{"line":180,"column":4},"end":{"line":180,"column":17}},"type":"default-arg","locations":[{"start":{"line":180,"column":11},"end":{"line":180,"column":17}}]},"6":{"loc":{"start":{"line":181,"column":4},"end":{"line":181,"column":22}},"type":"default-arg","locations":[{"start":{"line":181,"column":16},"end":{"line":181,"column":22}}]},"7":{"loc":{"start":{"line":182,"column":4},"end":{"line":182,"column":48}},"type":"default-arg","locations":[{"start":{"line":182,"column":13},"end":{"line":182,"column":48}}]},"8":{"loc":{"start":{"line":183,"column":4},"end":{"line":183,"column":17}},"type":"default-arg","locations":[{"start":{"line":183,"column":14},"end":{"line":183,"column":17}}]},"9":{"loc":{"start":{"line":184,"column":4},"end":{"line":184,"column":18}},"type":"default-arg","locations":[{"start":{"line":184,"column":12},"end":{"line":184,"column":18}}]},"10":{"loc":{"start":{"line":194,"column":4},"end":{"line":196,"column":5}},"type":"if","locations":[{"start":{"line":194,"column":4},"end":{"line":196,"column":5}}]},"11":{"loc":{"start":{"line":194,"column":8},"end":{"line":194,"column":34}},"type":"binary-expr","locations":[{"start":{"line":194,"column":8},"end":{"line":194,"column":13}},{"start":{"line":194,"column":17},"end":{"line":194,"column":34}}]},"12":{"loc":{"start":{"line":207,"column":4},"end":{"line":209,"column":5}},"type":"if","locations":[{"start":{"line":207,"column":4},"end":{"line":209,"column":5}}]},"13":{"loc":{"start":{"line":215,"column":4},"end":{"line":217,"column":5}},"type":"if","locations":[{"start":{"line":215,"column":4},"end":{"line":217,"column":5}}]},"14":{"loc":{"start":{"line":215,"column":8},"end":{"line":215,"column":48}},"type":"binary-expr","locations":[{"start":{"line":215,"column":8},"end":{"line":215,"column":31}},{"start":{"line":215,"column":35},"end":{"line":215,"column":48}}]},"15":{"loc":{"start":{"line":231,"column":15},"end":{"line":231,"column":37}},"type":"cond-expr","locations":[{"start":{"line":231,"column":23},"end":{"line":231,"column":32}},{"start":{"line":231,"column":35},"end":{"line":231,"column":37}}]},"16":{"loc":{"start":{"line":238,"column":2},"end":{"line":240,"column":3}},"type":"if","locations":[{"start":{"line":238,"column":2},"end":{"line":240,"column":3}}]},"17":{"loc":{"start":{"line":238,"column":6},"end":{"line":238,"column":32}},"type":"binary-expr","locations":[{"start":{"line":238,"column":6},"end":{"line":238,"column":11}},{"start":{"line":238,"column":15},"end":{"line":238,"column":32}}]},"18":{"loc":{"start":{"line":243,"column":2},"end":{"line":245,"column":3}},"type":"if","locations":[{"start":{"line":243,"column":2},"end":{"line":245,"column":3}}]},"19":{"loc":{"start":{"line":255,"column":2},"end":{"line":255,"column":68}},"type":"if","locations":[{"start":{"line":255,"column":2},"end":{"line":255,"column":68}}]},"20":{"loc":{"start":{"line":260,"column":4},"end":{"line":260,"column":45}},"type":"if","locations":[{"start":{"line":260,"column":4},"end":{"line":260,"column":45}}]},"21":{"loc":{"start":{"line":260,"column":8},"end":{"line":260,"column":30}},"type":"binary-expr","locations":[{"start":{"line":260,"column":8},"end":{"line":260,"column":17}},{"start":{"line":260,"column":21},"end":{"line":260,"column":30}}]},"22":{"loc":{"start":{"line":262,"column":4},"end":{"line":266,"column":5}},"type":"if","locations":[{"start":{"line":262,"column":4},"end":{"line":266,"column":5}}]},"23":{"loc":{"start":{"line":262,"column":8},"end":{"line":264,"column":41}},"type":"binary-expr","locations":[{"start":{"line":262,"column":8},"end":{"line":262,"column":41}},{"start":{"line":263,"column":8},"end":{"line":263,"column":41}},{"start":{"line":264,"column":8},"end":{"line":264,"column":41}}]},"24":{"loc":{"start":{"line":270,"column":4},"end":{"line":275,"column":39}},"type":"binary-expr","locations":[{"start":{"line":270,"column":4},"end":{"line":270,"column":35}},{"start":{"line":271,"column":4},"end":{"line":271,"column":37}},{"start":{"line":272,"column":4},"end":{"line":272,"column":47}},{"start":{"line":273,"column":4},"end":{"line":273,"column":43}},{"start":{"line":274,"column":4},"end":{"line":274,"column":39}},{"start":{"line":275,"column":4},"end":{"line":275,"column":39}}]}},"s":{"0":1,"1":1,"2":1,"3":1,"4":1,"5":0,"6":0,"7":0,"8":0,"9":0,"10":0,"11":0,"12":1,"13":1,"14":0,"15":0,"16":0,"17":0,"18":0,"19":0,"20":0,"21":0,"22":0,"23":0,"24":0,"25":0,"26":0,"27":0,"28":0,"29":0,"30":0,"31":0,"32":0,"33":0,"34":0,"35":0,"36":0,"37":0,"38":0,"39":0,"40":0,"41":0,"42":0,"43":0,"44":0,"45":0,"46":0,"47":0,"48":0,"49":0},"f":{"0":0,"1":0,"2":0,"3":0,"4":0,"5":0,"6":0,"7":0,"8":0,"9":0,"10":0},"b":{"0":[0,0],"1":[0,0],"2":[0,0],"3":[0,0,0,0,0,0,0],"4":[0],"5":[0],"6":[0],"7":[0],"8":[0],"9":[0],"10":[0],"11":[0,0],"12":[0],"13":[0],"14":[0,0],"15":[0,0],"16":[0],"17":[0,0],"18":[0],"19":[0],"20":[0],"21":[0,0],"22":[0],"23":[0,0,0],"24":[0,0,0,0,0,0]}},"/Users/takuto/Dev/ink-chart/src/barchart.logic.ts":{"path":"/Users/takuto/Dev/ink-chart/src/barchart.logic.ts","statementMap":{"0":{"start":{"line":44,"column":0},"end":{"line":44,"column":16}},"1":{"start":{"line":61,"column":0},"end":{"line":61,"column":16}},"2":{"start":{"line":76,"column":0},"end":{"line":76,"column":16}},"3":{"start":{"line":111,"column":0},"end":{"line":111,"column":16}},"4":{"start":{"line":144,"column":0},"end":{"line":144,"column":16}},"5":{"start":{"line":168,"column":0},"end":{"line":168,"column":16}},"6":{"start":{"line":1,"column":0},"end":{"line":1,"column":58}},"7":{"start":{"line":2,"column":0},"end":{"line":2,"column":55}},"8":{"start":{"line":45,"column":21},"end":{"line":45,"column":30}},"9":{"start":{"line":46,"column":2},"end":{"line":50,"column":3}},"10":{"start":{"line":47,"column":4},"end":{"line":47,"column":49}},"11":{"start":{"line":47,"column":30},"end":{"line":47,"column":47}},"12":{"start":{"line":48,"column":9},"end":{"line":50,"column":3}},"13":{"start":{"line":49,"column":4},"end":{"line":49,"column":49}},"14":{"start":{"line":49,"column":30},"end":{"line":49,"column":47}},"15":{"start":{"line":52,"column":2},"end":{"line":52,"column":20}},"16":{"start":{"line":62,"column":2},"end":{"line":64,"column":3}},"17":{"start":{"line":63,"column":4},"end":{"line":63,"column":13}},"18":{"start":{"line":65,"column":2},"end":{"line":65,"column":68}},"19":{"start":{"line":65,"column":52},"end":{"line":65,"column":59}},"20":{"start":{"line":82,"column":2},"end":{"line":84,"column":3}},"21":{"start":{"line":83,"column":4},"end":{"line":83,"column":16}},"22":{"start":{"line":86,"column":24},"end":{"line":86,"column":73}},"23":{"start":{"line":86,"column":50},"end":{"line":86,"column":71}},"24":{"start":{"line":87,"column":24},"end":{"line":88,"column":65}},"25":{"start":{"line":88,"column":30},"end":{"line":88,"column":59}},"26":{"start":{"line":91,"column":24},"end":{"line":91,"column":33}},"27":{"start":{"line":93,"column":2},"end":{"line":98,"column":5}},"28":{"start":{"line":119,"column":27},"end":{"line":119,"column":31}},"29":{"start":{"line":120,"column":23},"end":{"line":120,"column":61}},"30":{"start":{"line":121,"column":20},"end":{"line":121,"column":68}},"31":{"start":{"line":122,"column":14},"end":{"line":122,"column":39}},"32":{"start":{"line":125,"column":2},"end":{"line":132,"column":3}},"33":{"start":{"line":126,"column":22},"end":{"line":126,"column":60}},"34":{"start":{"line":127,"column":20},"end":{"line":127,"column":47}},"35":{"start":{"line":128,"column":22},"end":{"line":128,"column":67}},"36":{"start":{"line":129,"column":4},"end":{"line":129,"column":55}},"37":{"start":{"line":131,"column":4},"end":{"line":131,"column":62}},"38":{"start":{"line":151,"column":27},"end":{"line":151,"column":31}},"39":{"start":{"line":152,"column":20},"end":{"line":152,"column":55}},"40":{"start":{"line":153,"column":14},"end":{"line":153,"column":39}},"41":{"start":{"line":155,"column":2},"end":{"line":159,"column":3}},"42":{"start":{"line":156,"column":4},"end":{"line":156,"column":46}},"43":{"start":{"line":158,"column":4},"end":{"line":158,"column":29}},"44":{"start":{"line":172,"column":2},"end":{"line":174,"column":3}},"45":{"start":{"line":173,"column":4},"end":{"line":173,"column":43}},"46":{"start":{"line":175,"column":2},"end":{"line":175,"column":15}}},"fnMap":{"0":{"name":"sortData","decl":{"start":{"line":44,"column":16},"end":{"line":44,"column":24}},"loc":{"start":{"line":44,"column":70},"end":{"line":53,"column":1}}},"1":{"name":"(anonymous_1)","decl":{"start":{"line":47,"column":20},"end":{"line":47,"column":21}},"loc":{"start":{"line":47,"column":30},"end":{"line":47,"column":47}}},"2":{"name":"(anonymous_2)","decl":{"start":{"line":49,"column":20},"end":{"line":49,"column":21}},"loc":{"start":{"line":49,"column":30},"end":{"line":49,"column":47}}},"3":{"name":"calculateMaxValue","decl":{"start":{"line":61,"column":16},"end":{"line":61,"column":33}},"loc":{"start":{"line":61,"column":76},"end":{"line":66,"column":1}}},"4":{"name":"(anonymous_4)","decl":{"start":{"line":65,"column":47},"end":{"line":65,"column":48}},"loc":{"start":{"line":65,"column":52},"end":{"line":65,"column":59}}},"5":{"name":"calculateBarChartLayout","decl":{"start":{"line":76,"column":16},"end":{"line":76,"column":39}},"loc":{"start":{"line":80,"column":35},"end":{"line":99,"column":1}}},"6":{"name":"(anonymous_6)","decl":{"start":{"line":86,"column":45},"end":{"line":86,"column":46}},"loc":{"start":{"line":86,"column":50},"end":{"line":86,"column":71}}},"7":{"name":"(anonymous_7)","decl":{"start":{"line":88,"column":25},"end":{"line":88,"column":26}},"loc":{"start":{"line":88,"column":30},"end":{"line":88,"column":59}}},"8":{"name":"renderFixedWidthRow","decl":{"start":{"line":111,"column":16},"end":{"line":111,"column":35}},"loc":{"start":{"line":117,"column":17},"end":{"line":133,"column":1}}},"9":{"name":"renderAutoWidthRow","decl":{"start":{"line":144,"column":16},"end":{"line":144,"column":34}},"loc":{"start":{"line":149,"column":17},"end":{"line":160,"column":1}}},"10":{"name":"calculateEffectiveWidth","decl":{"start":{"line":168,"column":16},"end":{"line":168,"column":39}},"loc":{"start":{"line":170,"column":23},"end":{"line":176,"column":1}}}},"branchMap":{"0":{"loc":{"start":{"line":46,"column":2},"end":{"line":50,"column":3}},"type":"if","locations":[{"start":{"line":46,"column":2},"end":{"line":50,"column":3}},{"start":{"line":48,"column":9},"end":{"line":50,"column":3}}]},"1":{"loc":{"start":{"line":48,"column":9},"end":{"line":50,"column":3}},"type":"if","locations":[{"start":{"line":48,"column":9},"end":{"line":50,"column":3}}]},"2":{"loc":{"start":{"line":62,"column":2},"end":{"line":64,"column":3}},"type":"if","locations":[{"start":{"line":62,"column":2},"end":{"line":64,"column":3}}]},"3":{"loc":{"start":{"line":65,"column":9},"end":{"line":65,"column":67}},"type":"cond-expr","locations":[{"start":{"line":65,"column":26},"end":{"line":65,"column":61}},{"start":{"line":65,"column":64},"end":{"line":65,"column":67}}]},"4":{"loc":{"start":{"line":82,"column":2},"end":{"line":84,"column":3}},"type":"if","locations":[{"start":{"line":82,"column":2},"end":{"line":84,"column":3}}]},"5":{"loc":{"start":{"line":87,"column":24},"end":{"line":88,"column":65}},"type":"cond-expr","locations":[{"start":{"line":88,"column":4},"end":{"line":88,"column":61}},{"start":{"line":88,"column":64},"end":{"line":88,"column":65}}]},"6":{"loc":{"start":{"line":96,"column":16},"end":{"line":96,"column":73}},"type":"cond-expr","locations":[{"start":{"line":96,"column":40},"end":{"line":96,"column":57}},{"start":{"line":96,"column":60},"end":{"line":96,"column":73}}]},"7":{"loc":{"start":{"line":125,"column":2},"end":{"line":132,"column":3}},"type":"if","locations":[{"start":{"line":125,"column":2},"end":{"line":132,"column":3}},{"start":{"line":130,"column":9},"end":{"line":132,"column":3}}]},"8":{"loc":{"start":{"line":155,"column":2},"end":{"line":159,"column":3}},"type":"if","locations":[{"start":{"line":155,"column":2},"end":{"line":159,"column":3}},{"start":{"line":157,"column":9},"end":{"line":159,"column":3}}]},"9":{"loc":{"start":{"line":172,"column":2},"end":{"line":174,"column":3}},"type":"if","locations":[{"start":{"line":172,"column":2},"end":{"line":174,"column":3}}]}},"s":{"0":2,"1":2,"2":2,"3":2,"4":2,"5":2,"6":2,"7":2,"8":12,"9":12,"10":7,"11":11,"12":5,"13":4,"14":8650,"15":12,"16":9,"17":1,"18":8,"19":1013,"20":4,"21":1,"22":3,"23":5,"24":3,"25":3,"26":3,"27":3,"28":12,"29":12,"30":12,"31":12,"32":12,"33":4,"34":4,"35":4,"36":4,"37":8,"38":9,"39":9,"40":9,"41":9,"42":4,"43":5,"44":5,"45":3,"46":2},"f":{"0":12,"1":11,"2":8650,"3":9,"4":1013,"5":4,"6":5,"7":3,"8":12,"9":9,"10":5},"b":{"0":[7,5],"1":[4],"2":[1],"3":[7,1],"4":[1],"5":[2,1],"6":[2,1],"7":[4,8],"8":[4,5],"9":[3]}},"/Users/takuto/Dev/ink-chart/src/measure.ts":{"path":"/Users/takuto/Dev/ink-chart/src/measure.ts","statementMap":{"0":{"start":{"line":7,"column":0},"end":{"line":7,"column":16}},"1":{"start":{"line":93,"column":0},"end":{"line":93,"column":16}},"2":{"start":{"line":8,"column":2},"end":{"line":8,"column":22}},"3":{"start":{"line":8,"column":13},"end":{"line":8,"column":22}},"4":{"start":{"line":10,"column":14},"end":{"line":10,"column":15}},"5":{"start":{"line":11,"column":10},"end":{"line":11,"column":11}},"6":{"start":{"line":14,"column":16},"end":{"line":14,"column":32}},"7":{"start":{"line":16,"column":2},"end":{"line":81,"column":3}},"8":{"start":{"line":17,"column":17},"end":{"line":17,"column":25}},"9":{"start":{"line":18,"column":4},"end":{"line":21,"column":5}},"10":{"start":{"line":19,"column":6},"end":{"line":19,"column":10}},"11":{"start":{"line":20,"column":6},"end":{"line":20,"column":15}},"12":{"start":{"line":22,"column":17},"end":{"line":22,"column":36}},"13":{"start":{"line":23,"column":4},"end":{"line":26,"column":5}},"14":{"start":{"line":24,"column":6},"end":{"line":24,"column":10}},"15":{"start":{"line":25,"column":6},"end":{"line":25,"column":15}},"16":{"start":{"line":29,"column":4},"end":{"line":33,"column":5}},"17":{"start":{"line":30,"column":6},"end":{"line":30,"column":17}},"18":{"start":{"line":31,"column":6},"end":{"line":31,"column":10}},"19":{"start":{"line":32,"column":6},"end":{"line":32,"column":15}},"20":{"start":{"line":35,"column":4},"end":{"line":38,"column":5}},"21":{"start":{"line":36,"column":6},"end":{"line":36,"column":10}},"22":{"start":{"line":37,"column":6},"end":{"line":37,"column":15}},"23":{"start":{"line":41,"column":4},"end":{"line":44,"column":5}},"24":{"start":{"line":42,"column":6},"end":{"line":42,"column":10}},"25":{"start":{"line":43,"column":6},"end":{"line":43,"column":15}},"26":{"start":{"line":47,"column":4},"end":{"line":50,"column":5}},"27":{"start":{"line":48,"column":6},"end":{"line":48,"column":10}},"28":{"start":{"line":49,"column":6},"end":{"line":49,"column":15}},"29":{"start":{"line":53,"column":4},"end":{"line":80,"column":5}},"30":{"start":{"line":55,"column":14},"end":{"line":55,"column":19}},"31":{"start":{"line":56,"column":6},"end":{"line":74,"column":7}},"32":{"start":{"line":57,"column":25},"end":{"line":57,"column":33}},"33":{"start":{"line":58,"column":8},"end":{"line":61,"column":9}},"34":{"start":{"line":59,"column":10},"end":{"line":59,"column":14}},"35":{"start":{"line":60,"column":10},"end":{"line":60,"column":19}},"36":{"start":{"line":62,"column":25},"end":{"line":62,"column":48}},"37":{"start":{"line":63,"column":8},"end":{"line":73,"column":9}},"38":{"start":{"line":64,"column":10},"end":{"line":64,"column":14}},"39":{"start":{"line":65,"column":10},"end":{"line":70,"column":11}},"40":{"start":{"line":66,"column":29},"end":{"line":66,"column":37}},"41":{"start":{"line":67,"column":12},"end":{"line":69,"column":13}},"42":{"start":{"line":68,"column":14},"end":{"line":68,"column":18}},"43":{"start":{"line":72,"column":10},"end":{"line":72,"column":16}},"44":{"start":{"line":75,"column":6},"end":{"line":75,"column":17}},"45":{"start":{"line":76,"column":6},"end":{"line":76,"column":12}},"46":{"start":{"line":78,"column":6},"end":{"line":78,"column":17}},"47":{"start":{"line":79,"column":6},"end":{"line":79,"column":10}},"48":{"start":{"line":83,"column":2},"end":{"line":83,"column":15}},"49":{"start":{"line":94,"column":2},"end":{"line":94,"column":31}},"50":{"start":{"line":94,"column":21},"end":{"line":94,"column":31}},"51":{"start":{"line":95,"column":2},"end":{"line":95,"column":23}},"52":{"start":{"line":95,"column":13},"end":{"line":95,"column":23}},"53":{"start":{"line":97,"column":23},"end":{"line":97,"column":41}},"54":{"start":{"line":98,"column":2},"end":{"line":98,"column":44}},"55":{"start":{"line":98,"column":32},"end":{"line":98,"column":44}},"56":{"start":{"line":101,"column":19},"end":{"line":101,"column":22}},"57":{"start":{"line":102,"column":24},"end":{"line":102,"column":25}},"58":{"start":{"line":104,"column":2},"end":{"line":106,"column":3}},"59":{"start":{"line":105,"column":4},"end":{"line":105,"column":14}},"60":{"start":{"line":109,"column":2},"end":{"line":111,"column":3}},"61":{"start":{"line":110,"column":4},"end":{"line":110,"column":20}},"62":{"start":{"line":114,"column":16},"end":{"line":114,"column":32}},"63":{"start":{"line":115,"column":18},"end":{"line":115,"column":20}},"64":{"start":{"line":116,"column":14},"end":{"line":116,"column":15}},"65":{"start":{"line":117,"column":10},"end":{
[...]
:{"start":{"line":154,"column":0},"end":{"line":154,"column":16}},"19":{"start":{"line":158,"column":0},"end":{"line":158,"column":16}},"20":{"start":{"line":162,"column":0},"end":{"line":162,"column":16}},"21":{"start":{"line":166,"column":0},"end":{"line":166,"column":16}},"22":{"start":{"line":173,"column":0},"end":{"line":173,"column":16}},"23":{"start":{"line":177,"column":0},"end":{"line":177,"column":16}},"24":{"start":{"line":181,"column":0},"end":{"line":181,"column":16}},"25":{"start":{"line":185,"column":0},"end":{"line":185,"column":16}},"26":{"start":{"line":189,"column":0},"end":{"line":189,"column":16}},"27":{"start":{"line":193,"column":0},"end":{"line":193,"column":16}},"28":{"start":{"line":197,"column":0},"end":{"line":197,"column":16}},"29":{"start":{"line":201,"column":0},"end":{"line":201,"column":16}},"30":{"start":{"line":208,"column":0},"end":{"line":208,"column":16}},"31":{"start":{"line":215,"column":0},"end":{"line":215,"column":16}},"32":{"start":{"line":222,"column":0},"end":{"line":222,"column":16}},"33":{"start":{"line":231,"column":0},"end":{"line":231,"column":16}},"34":{"start":{"line":30,"column":13},"end":{"line":56,"column":11}},"35":{"start":{"line":62,"column":2},"end":{"line":62,"column":40}},"36":{"start":{"line":69,"column":2},"end":{"line":69,"column":41}},"37":{"start":{"line":76,"column":2},"end":{"line":76,"column":44}},"38":{"start":{"line":83,"column":2},"end":{"line":83,"column":43}},"39":{"start":{"line":90,"column":2},"end":{"line":90,"column":42}},"40":{"start":{"line":97,"column":2},"end":{"line":97,"column":44}},"41":{"start":{"line":104,"column":2},"end":{"line":104,"column":52}},"42":{"start":{"line":108,"column":2},"end":{"line":108,"column":52}},"43":{"start":{"line":112,"column":2},"end":{"line":112,"column":52}},"44":{"start":{"line":116,"column":2},"end":{"line":116,"column":52}},"45":{"start":{"line":120,"column":2},"end":{"line":120,"column":52}},"46":{"start":{"line":124,"column":2},"end":{"line":124,"column":52}},"47":{"start":{"line":128,"column":2},"end":{"line":128,"column":52}},"48":{"start":{"line":132,"column":2},"end":{"line":132,"column":50}},"49":{"start":{"line":139,"column":2},"end":{"line":139,"column":52}},"50":{"start":{"line":143,"column":2},"end":{"line":143,"column":52}},"51":{"start":{"line":147,"column":2},"end":{"line":147,"column":52}},"52":{"start":{"line":151,"column":2},"end":{"line":151,"column":52}},"53":{"start":{"line":155,"column":2},"end":{"line":155,"column":52}},"54":{"start":{"line":159,"column":2},"end":{"line":159,"column":52}},"55":{"start":{"line":163,"column":2},"end":{"line":163,"column":50}},"56":{"start":{"line":167,"column":2},"end":{"line":167,"column":50}},"57":{"start":{"line":174,"column":2},"end":{"line":174,"column":52}},"58":{"start":{"line":178,"column":2},"end":{"line":178,"column":52}},"59":{"start":{"line":182,"column":2},"end":{"line":182,"column":52}},"60":{"start":{"line":186,"column":2},"end":{"line":186,"column":52}},"61":{"start":{"line":190,"column":2},"end":{"line":190,"column":52}},"62":{"start":{"line":194,"column":2},"end":{"line":194,"column":52}},"63":{"start":{"line":198,"column":2},"end":{"line":198,"column":50}},"64":{"start":{"line":202,"column":2},"end":{"line":202,"column":50}},"65":{"start":{"line":209,"column":2},"end":{"line":209,"column":44}},"66":{"start":{"line":216,"column":2},"end":{"line":216,"column":43}},"67":{"start":{"line":224,"column":20},"end":{"line":224,"column":46}},"68":{"start":{"line":225,"column":2},"end":{"line":225,"column":30}},"69":{"start":{"line":233,"column":20},"end":{"line":233,"column":46}},"70":{"start":{"line":234,"column":2},"end":{"line":234,"column":37}}},"fnMap":{"0":{"name":"colorize","decl":{"start":{"line":61,"column":16},"end":{"line":61,"column":24}},"loc":{"start":{"line":61,"column":52},"end":{"line":63,"column":1}}},"1":{"name":"red","decl":{"start":{"line":68,"column":16},"end":{"line":68,"column":19}},"loc":{"start":{"line":68,"column":32},"end":{"line":70,"column":1}}},"2":{"name":"yellow","decl":{"start":{"line":75,"column":16},"end":{"line":75,"column":22}},"loc":{"start":{"line":75,"column":35},"end":{"line":77,"column":1}}},"3":{"name":"green","decl":{"start":{"line":82,"column":16},"end":{"line":82,"column":21}},"loc":{"start":{"line":82,"column":34},"end":{"line":84,"column":1}}},"4":{"name":"cyan","decl":{"start":{"line":89,"column":16},"end":{"line":89,"column":20}},"loc":{"start":{"line":89,"column":33},"end":{"line":91,"column":1}}},"5":{"name":"orange","decl":{"start":{"line":96,"column":16},"end":{"line":96,"column":22}},"loc":{"start":{"line":96,"column":35},"end":{"line":98,"column":1}}},"6":{"name":"red1","decl":{"start":{"line":103,"column":16},"end":{"line":103,"column":20}},"loc":{"start":{"line":103,"column":33},"end":{"line":105,"column":1}}},"7":{"name":"red2","decl":{"start":{"line":107,"column":16},"end":{"line":107,"column":20}},"loc":{"start":{"line":107,"column":33},"end":{"line":109,"column":1}}},"8":{"name":"red3","decl":{"start":{"line":111,"column":16},"end":{"line":111,"column":20}},"loc":{"start":{"line":111,"column":33},"end":{"line":113,"column":1}}},"9":{"name":"red4","decl":{"start":{"line":115,"column":16},"end":{"line":115,"column":20}},"loc":{"start":{"line":115,"column":33},"end":{"line":117,"column":1}}},"10":{"name":"red5","decl":{"start":{"line":119,"column":16},"end":{"line":119,"column":20}},"loc":{"start":{"line":119,"column":33},"end":{"line":121,"column":1}}},"11":{"name":"red6","decl":{"start":{"line":123,"column":16},"end":{"line":123,"column":20}},"loc":{"start":{"line":123,"column":33},"end":{"line":125,"column":1}}},"12":{"name":"red7","decl":{"start":{"line":127,"column":16},"end":{"line":127,"column":20}},"loc":{"start":{"line":127,"column":33},"end":{"line":129,"column":1}}},"13":{"name":"red8","decl":{"start":{"line":131,"column":16},"end":{"line":131,"column":20}},"loc":{"start":{"line":131,"column":33},"end":{"line":133,"column":1}}},"14":{"name":"blue1","decl":{"start":{"line":138,"column":16},"end":{"line":138,"column":21}},"loc":{"start":{"line":138,"column":34},"end":{"line":140,"column":1}}},"15":{"name":"blue2","decl":{"start":{"line":142,"column":16},"end":{"line":142,"column":21}},"loc":{"start":{"line":142,"column":34},"end":{"line":144,"column":1}}},"16":{"name":"blue3","decl":{"start":{"line":146,"column":16},"end":{"line":146,"column":21}},"loc":{"start":{"line":146,"column":34},"end":{"line":148,"column":1}}},"17":{"name":"blue4","decl":{"start":{"line":150,"column":16},"end":{"line":150,"column":21}},"loc":{"start":{"line":150,"column":34},"end":{"line":152,"column":1}}},"18":{"name":"blue5","decl":{"start":{"line":154,"column":16},"end":{"line":154,"column":21}},"loc":{"start":{"line":154,"column":34},"end":{"line":156,"column":1}}},"19":{"name":"blue6","decl":{"start":{"line":158,"column":16},"end":{"line":158,"column":21}},"loc":{"start":{"line":158,"column":34},"end":{"line":160,"column":1}}},"20":{"name":"blue7","decl":{"start":{"line":162,"column":16},"end":{"line":162,"column":21}},"loc":{"start":{"line":162,"column":34},"end":{"line":164,"column":1}}},"21":{"name":"blue8","decl":{"start":{"line":166,"column":16},"end":{"line":166,"column":21}},"loc":{"start":{"line":166,"column":34},"end":{"line":168,"column":1}}},"22":{"name":"green1","decl":{"start":{"line":173,"column":16},"end":{"line":173,"column":22}},"loc":{"start":{"line":173,"column":35},"end":{"line":175,"column":1}}},"23":{"name":"green2","decl":{"start":{"line":177,"column":16},"end":{"line":177,"column":22}},"loc":{"start":{"line":177,"column":35},"end":{"line":179,"column":1}}},"24":{"name":"green3","decl":{"start":{"line":181,"column":16},"end":{"line":181,"column":22}},"loc":{"start":{"line":181,"column":35},"end":{"line":183,"column":1}}},"25":{"name":"green4","decl":{"start":{"line":185,"column":16},"end":{"line":185,"column":22}},"loc":{"start":{"line":185,"column":35},"end":{"line":187,"column":1}}},"26":{"name":"green5","decl":{"start":{"line":189,"column":16},"end":{"line":189,"column":22}},"loc":{"start":{"line":189,"column":35},"end":{"line":191,"column":1}}},"27":{"name":"green6","decl":{"start":{"line":193,"column":16},"end":{"line":193,"column":22}},"loc":{"start":{"line":193,"column":35},"end":{"line":195,"column":1}}},"28":{"name":"green7","decl":{"start":{"line":197,"column":16},"end":{"line":197,"column":22}},"loc":{"start":{"line":197,"column":35},"end":{"line":199,"column":1}}},"29":{"name":"green8","decl":{"start":{"line":201,"column":16},"end":{"line":201,"column":22}},"loc":{"start":{"line":201,"column":35},"end":{"line":203,"column":1}}},"30":{"name":"bold","decl":{"start":{"line":208,"column":16},"end":{"line":208,"column":20}},"loc":{"start":{"line":208,"column":33},"end":{"line":210,"column":1}}},"31":{"name":"dim","decl":{"start":{"line":215,"column":16},"end":{"line":215,"column":19}},"loc":{"start":{"line":215,"column":32},"end":{"line":217,"column":1}}},"32":{"name":"hasAnsi","decl":{"start":{"line":222,"column":16},"end":{"line":222,"column":23}},"loc":{"start":{"line":222,"column":36},"end":{"line":226,"column":1}}},"33":{"name":"stripAnsi","decl":{"start":{"line":231,"column":16},"end":{"line":231,"column":25}},"loc":{"start":{"line":231,"column":38},"end":{"line":235,"column":1}}}},"branchMap":{},"s":{"0":1,"1":1,"2":1,"3":1,"4":1,"5":1,"6":1,"7":1,"8":1,"9":1,"10":1,"11":1,"12":1,"13":1,"14":1,"15":1,"16":1,"17":1,"18":1,"19":1,"20":1,"21":1,"22":1,"23":1,"24":1,"25":1,"26":1,"27":1,"28":1,"29":1,"30":1,"31":1,"32":1,"33":1,"34":1,"35":10,"36":2,"37":0,"38":0,"39":0,"40":0,"41":1,"42":1,"43":1,"44":1,"45":0,"46":0,"47":0,"48":0,"49":1,"50":1,"51":2,"52":0,"53":0,"54":0,"55":0,"56":0,"57":0,"58":0,"59":0,"60":0,"61":0,"62":0,"63":0,"64":0,"65":0,"66":0,"67":0,"68":0,"69":0,"70":0},"f":{"0":10,"1":2,"2":0,"3":0,"4":0,"5":0,"6":1,"7":1,"8":1,"9":1,"10":0,"11":0,"12":0,"13":0,"14":1,"15":1,"16":2,"17":0,"18":0,"19":0,"20":0,"21":0,"22":0,"23":0,"24":0,"25":0,"26":0,"27":0,"28":0,"29":0,"30":0,"31":0,"32":0,"33":0},"b":{}},"/Users/takuto/Dev/ink-chart/src/scale.ts":{"path":"/Users/takuto/Dev/ink-chart/src/scale.ts","statementMap":{"0":{"start":{"line":7,"column":0},"end":{"line":7,"column":16}},"1":{"start":{"line":33,"column":0},"end":{"line":33,"column":16}},"2":{"start":{"line":8,"column":2},"end":{"line":10,"column":3}},"3":{"start":{"line":9,"column":4},"end":{"line":9,"column":19}},"4":{"start":{"line":9,"column":17},"end":{"line":9,"column":18}},"5":{"start":{"line":12,"column":14},"end":{"line":12,"column":28}},"6":{"start":{"line":13,"column":14},"end":{"line":13,"column":67}},"7":{"start":{"line":15,"column":2},"end":{"line":17,"column":3}},"8":{"start":{"line":16,"column":4},"end":{"line":16,"column":19}},"9":{"start":{"line":16,"column":17},"end":{"line":16,"column":18}},"10":{"start":{"line":19,"column":16},"end":{"line":19,"column":25}},"11":{"start":{"line":21,"column":2},"end":{"line":23,"column":4}},"12":{"start":{"line":22,"column":4},"end":{"line":22,"column":33}},"13":{"start":{"line":34,"column":2},"end":{"line":36,"column":3}},"14":{"start":{"line":35,"column":4},"end":{"line":35,"column":19}},"15":{"start":{"line":35,"column":17},"end":{"line":35,"column":18}},"16":{"start":{"line":38,"column":14},"end":{"line":38,"column":28}},"17":{"start":{"line":39,"column":14},"end":{"line":39,"column":67}},"18":{"start":{"line":41,"column":2},"end":{"line":43,"column":3}},"19":{"start":{"line":42,"column":4},"end":{"line":42,"column":19}},"20":{"start":{"line":42,"column":17},"end":{"line":42,"column":18}},"21":{"start":{"line":45,"column":16},"end":{"line":45,"column":25}},"22":{"start":{"line":46,"column":19},"end":{"line":46,"column":32}},"23":{"start":{"line":48,"column":2},"end":{"line":58,"column":4}},"24":{"start":{"line":49,"column":23},"end":{"line":49,"column":47}},"25":{"start":{"line":50,"column":22},"end":{"line":50,"column":44}},"26":{"start":{"line":53,"column":4},"end":{"line":55,"column":5}},"27":{"start":{"line":54,"column":6},"end":{"line":54,"column":23}},"28":{"start":{"line":57,"column":4},"end":{"line":57,"column":21}}},"fnMap":{"0":{"name":"normalize","decl":{"start":{"line":7,"column":16},"end":{"line":7,"column":25}},"loc":{"start":{"line":7,"column":42},"end":{"line":24,"column":1}}},"1":{"name":"(anonymous_1)","decl":{"start":{"line":9,"column":11},"end":{"line":9,"column":14}},"loc":{"start":{"line":9,"column":17},"end":{"line":9,"column":18}}},"2":{"name":"(anonymous_2)","decl":{"start":{"line":16,"column":11},"end":{"line":16,"column":14}},"loc":{"start":{"line":16,"column":17},"end":{"line":16,"column":18}}},"3":{"name":"(anonymous_3)","decl":{"start":{"line":21,"column":9},"end":{"line":21,"column":10}},"loc":{"start":{"line":21,"column":35},"end":{"line":23,"column":3}}},"4":{"name":"quantize","decl":{"start":{"line":33,"column":16},"end":{"line":33,"column":24}},"loc":{"start":{"line":33,"column":56},"end":{"line":59,"column":1}}},"5":{"name":"(anonymous_5)","decl":{"start":{"line":35,"column":11},"end":{"line":35,"column":14}},"loc":{"start":{"line":35,"column":17},"end":{"line":35,"column":18}}},"6":{"name":"(anonymous_6)","decl":{"start":{"line":42,"column":11},"end":{"line":42,"column":14}},"loc":{"start":{"line":42,"column":17},"end":{"line":42,"column":18}}},"7":{"name":"(anonymous_7)","decl":{"start":{"line":48,"column":9},"end":{"line":48,"column":10}},"loc":{"start":{"line":48,"column":35},"end":{"line":58,"column":3}}}},"branchMap":{"0":{"loc":{"start":{"line":8,"column":2},"end":{"line":10,"column":3}},"type":"if","locations":[{"start":{"line":8,"column":2},"end":{"line":10,"column":3}}]},"1":{"loc":{"start":{"line":12,"column":14},"end":{"line":12,"column":28}},"type":"binary-expr","locations":[{"start":{"line":12,"column":14},"end":{"line":12,"column":23}},{"start":{"line":12,"column":27},"end":{"line":12,"column":28}}]},"2":{"loc":{"start":{"line":13,"column":14},"end":{"line":13,"column":67}},"type":"cond-expr","locations":[{"start":{"line":13,"column":36},"end":{"line":13,"column":50}},{"start":{"line":13,"column":53},"end":{"line":13,"column":67}}]},"3":{"loc":{"start":{"line":13,"column":36},"end":{"line":13,"column":50}},"type":"binary-expr","locations":[{"start":{"line":13,"column":36},"end":{"line":13,"column":45}},{"start":{"line":13,"column":49},"end":{"line":13,"column":50}}]},"4":{"loc":{"start":{"line":13,"column":53},"end":{"line":13,"column":67}},"type":"binary-expr","locations":[{"start":{"line":13,"column":53},"end":{"line":13,"column":62}},{"start":{"line":13,"column":66},"end":{"line":13,"column":67}}]},"5":{"loc":{"start":{"line":15,"column":2},"end":{"line":17,"column":3}},"type":"if","locations":[{"start":{"line":15,"column":2},"end":{"line":17,"column":3}}]},"6":{"loc":{"start":{"line":34,"column":2},"end":{"line":36,"column":3}},"type":"if","locations":[{"start":{"line":34,"column":2},"end":{"line":36,"column":3}}]},"7":{"loc":{"start":{"line":38,"column":14},"end":{"line":38,"column":28}},"type":"binary-expr","locations":[{"start":{"line":38,"column":14},"end":{"line":38,"column":23}},{"start":{"line":38,"column":27},"end":{"line":38,"column":28}}]},"8":{"loc":{"start":{"line":39,"column":14},"end":{"line":39,"column":67}},"type":"cond-expr","locations":[{"start":{"line":39,"column":36},"end":{"line":39,"column":50}},{"start":{"line":39,"column":53},"end":{"line":39,"column":67}}]},"9":{"loc":{"start":{"line":39,"column":36},"end":{"line":39,"column":50}},"type":"binary-expr","locations":[{"start":{"line":39,"column":36},"end":{"line":39,"column":45}},{"start":{"line":39,"column":49},"end":{"line":39,"column":50}}]},"10":{"loc":{"start":{"line":39,"column":53},"end":{"line":39,"column":67}},"type":"binary-expr","locations":[{"start":{"line":39,"column":53},"end":{"line":39,"column":62}},{"start":{"line":39,"column":66},"end":{"line":39,"column":67}}]},"11":{"loc":{"start":{"line":41,"column":2},"end":{"line":43,"column":3}},"type":"if","locations":[{"start":{"line":41,"column":2},"end":{"line":43,"column":3}}]},"12":{"loc":{"start":{"line":41,"column":6},"end":{"line":41,"column":31}},"type":"binary-expr","locations":[{"start":{"line":41,"column":6},"end":{"line":41,"column":17}},{"start":{"line":41,"column":21},"end":{"line":41,"column":31}}]},"13":{"loc":{"start":{"line":53,"column":4},"end":{"line":55,"column":5}},"type":"if","locations":[{"start":{"line":53,"column":4},"end":{"line":55,"column":5}}]}},"s":{"0":1,"1":1,"2":6,"3":1,"4":2,"5":5,"6":5,"7":5,"8":1,"9":3,"10":4,"11":4,"12":12,"13":7,"14":0,"15":0,"16":7,"17":7,"18":7,"19":1,"20":3,"21":6,"22":6,"23":6,"24":122,"25":122,"26":122,"27":2,"28":120},"f":{"0":6,"1":2,"2":3,"3":12,"4":7,"5":0,"6":3,"7":122},"b":{"0":[1],"1":[5,0],"2":[0,5],"3":[0,0],"4":[5,0],"5":[1],"6":[0],"7":[7,0],"8":[0,7],"9":[0,0],"10":[7,0],"11":[1],"12":[7,7],"13":[2]}},"/Users/takuto/Dev/ink-chart/src/core/useAutoWidth.ts":{"path":"/Users/takuto/Dev/ink-chart/src/core/useAutoWidth.ts","statementMap":{"0":{"start":{"line":21,"column":0},"end":{"line":21,"column":16}},"1":{"start":{"line":1,"column":0},"end":{"line":1,"column":57}},"2":{"start":{"line":23,"column":27},"end":{"line":29,"column":3}},"3":{"start":{"line":24,"column":20},"end":{"line":24,"column":42}},"4":{"start":{"line":26,"column":22},"end":{"line":26,"column":79}},"5":{"start":{"line":28,"column":4},"end":{"line":28,"column":39}},"6":{"start":{"line":31,"column":28},"end":{"line":31,"column":64}},"7":{"start":{"line":33,"column":22},"end":{"line":36,"column":8}},"8":{"start":{"line":34,"column":21},"end":{"line":34,"column":39}},"9":{"start":{"line":35,"column":4},"end":{"line":35,"column":23}},"10":{"start":{"line":38,"column":2},"end":{"line":57,"column":20}},"11":{"start":{"line":41,"column":25},"end":{"line":47,"column":5}},"12":{"start":{"line":43,"column":6},"end":{"line":43,"column":30}},"13":{"start":{"line":46,"column":6},"end":{"line":46,"column":47}},"14":{"start":{"line":50,"column":4},"end":{"line":50,"column":41}},"15":{"start":{"line":53,"column":4},"end":{"line":56,"column":6}},"16":{"start":{"line":54,"column":6},"end":{"line":54,"column":55}},"17":{"start":{"line":55,"column":6},"end":{"line":55,"column":30}},"18":{"start":{"line":59,"column":2},"end":{"line":62,"column":4}}},"fnMap":{"0":{"name":"useAutoWidth","decl":{"start":{"line":21,"column":16},"end":{"line":21,"column":28}},"loc":{"start":{"line":21,"column":28},"end":{"line":63,"column":1}}},"1":{"name":"(anonymous_1)","decl":{"start":{"line":23,"column":27},"end":{"line":23,"column":38}},"loc":{"start":{"line":23,"column":40},"end":{"line":29,"column":3}}},"2":{"name":"(anonymous_2)","decl":{"start":{"line":33,"column":34},"end":{"line":33,"column":37}},"loc":{"start":{"line":33,"column":39},"end":{"line":36,"column":3}}},"3":{"name":"(anonymous_3)","decl":{"start":{"line":38,"column":12},"end":{"line":38,"column":15}},"loc":{"start":{"line":38,"column":17},"end":{"line":57,"column":3}}},"4":{"name":"(anonymous_4)","decl":{"start":{"line":41,"column":25},"end":{"line":41,"column":28}},"loc":{"start":{"line":41,"column":30},"end":{"line":47,"column":5}}},"5":{"name":"(anonymous_5)","decl":{"start":{"line":53,"column":11},"end":{"line":53,"column":14}},"loc":{"start":{"line":53,"column":16},"end":{"line":56,"column":5}}}},"branchMap":{"0":{"loc":{"start":{"line":26,"column":22},"end":{"line":26,"column":79}},"type":"cond-expr","locations":[{"start":{"line":26,"column":67},"end":{"line":26,"column":74}},{"start":{"line":26,"column":77},"end":{"line":26,"column":79}}]},"1":{"loc":{"start":{"line":26,"column":22},"end":{"line":26,"column":64}},"type":"binary-expr","locations":[{"start":{"line":26,"column":22},"end":{"line":26,"column":49}},{"start":{"line":26,"column":53},"end":{"line":26,"column":64}}]}},"s":{"0":1,"1":1,"2":5,"3":7,"4":7,"5":7,"6":5,"7":5,"8":2,"9":2,"10":5,"11":5,"12":5,"13":5,"14":5,"15":5,"16":1,"17":1,"18":5},"f":{"0":5,"1":7,"2":2,"3":5,"4":5,"5":1},"b":{"0":[6,1],"1":[7,6]}}}}
